{"/home/imrans/Git Repos/Assignment-Blinkist/src/App.tsx": {"path":"/home/imrans/Git Repos/Assignment-Blinkist/src/App.tsx","statementMap":{"0":{"start":{"line":13,"column":27},"end":{"line":13,"column":48}},"1":{"start":{"line":17,"column":29},"end":{"line":17,"column":44}},"2":{"start":{"line":19,"column":26},"end":{"line":21,"column":5}},"3":{"start":{"line":20,"column":8},"end":{"line":20,"column":25}},"4":{"start":{"line":23,"column":2},"end":{"line":49,"column":4}}},"fnMap":{"0":{"name":"(anonymous_0)","decl":{"start":{"line":13,"column":41},"end":{"line":13,"column":42}},"loc":{"start":{"line":13,"column":45},"end":{"line":13,"column":47}},"line":13},"1":{"name":"App","decl":{"start":{"line":15,"column":9},"end":{"line":15,"column":12}},"loc":{"start":{"line":15,"column":15},"end":{"line":50,"column":1}},"line":15},"2":{"name":"(anonymous_2)","decl":{"start":{"line":19,"column":26},"end":{"line":19,"column":27}},"loc":{"start":{"line":19,"column":30},"end":{"line":21,"column":5}},"line":19}},"branchMap":{},"s":{"0":4,"1":1,"2":1,"3":0,"4":1},"f":{"0":0,"1":1,"2":0},"b":{},"_coverageSchema":"1a1c01bbd47fc00a2c39e90264f33305004495a9","hash":"b5ce487066bd0b43ec03d246ccb85329a6f41703"}
,"/home/imrans/Git Repos/Assignment-Blinkist/src/db.tsx": {"path":"/home/imrans/Git Repos/Assignment-Blinkist/src/db.tsx","statementMap":{"0":{"start":{"line":22,"column":0},"end":{"line":87,"column":1}},"1":{"start":{"line":99,"column":0},"end":{"line":108,"column":1}},"2":{"start":{"line":119,"column":0},"end":{"line":164,"column":1}},"3":{"start":{"line":175,"column":0},"end":{"line":198,"column":1}},"4":{"start":{"line":209,"column":0},"end":{"line":232,"column":1}}},"fnMap":{},"branchMap":{},"s":{"0":8,"1":8,"2":8,"3":8,"4":8},"f":{},"b":{},"_coverageSchema":"1a1c01bbd47fc00a2c39e90264f33305004495a9","hash":"08f8672e16e52aefc017ea26fe41c8cee84e0d3b"}
,"/home/imrans/Git Repos/Assignment-Blinkist/src/components/atoms/Avatar/index.tsx": {"path":"/home/imrans/Git Repos/Assignment-Blinkist/src/components/atoms/Avatar/index.tsx","statementMap":{"0":{"start":{"line":4,"column":26},"end":{"line":8,"column":1}},"1":{"start":{"line":14,"column":19},"end":{"line":16,"column":1}},"2":{"start":{"line":15,"column":4},"end":{"line":15,"column":64}}},"fnMap":{"0":{"name":"(anonymous_0)","decl":{"start":{"line":14,"column":19},"end":{"line":14,"column":20}},"loc":{"start":{"line":14,"column":42},"end":{"line":16,"column":1}},"line":14}},"branchMap":{},"s":{"0":6,"1":6,"2":3},"f":{"0":3},"b":{},"_coverageSchema":"1a1c01bbd47fc00a2c39e90264f33305004495a9","hash":"5f5c2e94d231f886b6e5a67464c9e66fbd45656c"}
,"/home/imrans/Git Repos/Assignment-Blinkist/src/components/atoms/Buttons/index.tsx": {"path":"/home/imrans/Git Repos/Assignment-Blinkist/src/components/atoms/Buttons/index.tsx","statementMap":{"0":{"start":{"line":13,"column":16},"end":{"line":21,"column":1}},"1":{"start":{"line":14,"column":4},"end":{"line":20,"column":5}}},"fnMap":{"0":{"name":"(anonymous_0)","decl":{"start":{"line":13,"column":16},"end":{"line":13,"column":17}},"loc":{"start":{"line":13,"column":39},"end":{"line":21,"column":1}},"line":13}},"branchMap":{},"s":{"0":10,"1":31},"f":{"0":31},"b":{},"_coverageSchema":"1a1c01bbd47fc00a2c39e90264f33305004495a9","hash":"040fb4edd641d185928980f1483dde3d669ba2de"}
,"/home/imrans/Git Repos/Assignment-Blinkist/src/components/atoms/Icon/index.tsx": {"path":"/home/imrans/Git Repos/Assignment-Blinkist/src/components/atoms/Icon/index.tsx","statementMap":{"0":{"start":{"line":10,"column":4},"end":{"line":10,"column":103}}},"fnMap":{"0":{"name":"Icon","decl":{"start":{"line":9,"column":9},"end":{"line":9,"column":13}},"loc":{"start":{"line":9,"column":32},"end":{"line":11,"column":1}},"line":9}},"branchMap":{},"s":{"0":107},"f":{"0":107},"b":{},"_coverageSchema":"1a1c01bbd47fc00a2c39e90264f33305004495a9","hash":"8ea83bddde87d6174f332b49cff50456f12d6ad1"}
,"/home/imrans/Git Repos/Assignment-Blinkist/src/components/atoms/Image/index.tsx": {"path":"/home/imrans/Git Repos/Assignment-Blinkist/src/components/atoms/Image/index.tsx","statementMap":{"0":{"start":{"line":10,"column":4},"end":{"line":10,"column":103}}},"fnMap":{"0":{"name":"Image","decl":{"start":{"line":9,"column":9},"end":{"line":9,"column":14}},"loc":{"start":{"line":9,"column":34},"end":{"line":11,"column":1}},"line":9}},"branchMap":{},"s":{"0":5},"f":{"0":5},"b":{},"_coverageSchema":"1a1c01bbd47fc00a2c39e90264f33305004495a9","hash":"67e0d901b6dc631c064c85f0e47b8fdb399fb076"}
,"/home/imrans/Git Repos/Assignment-Blinkist/src/components/atoms/NavItem/index.tsx": {"path":"/home/imrans/Git Repos/Assignment-Blinkist/src/components/atoms/NavItem/index.tsx","statementMap":{"0":{"start":{"line":4,"column":18},"end":{"line":23,"column":1}},"1":{"start":{"line":31,"column":4},"end":{"line":35,"column":5}}},"fnMap":{"0":{"name":"NavItem","decl":{"start":{"line":30,"column":9},"end":{"line":30,"column":16}},"loc":{"start":{"line":30,"column":34},"end":{"line":36,"column":1}},"line":30}},"branchMap":{"0":{"loc":{"start":{"line":33,"column":44},"end":{"line":33,"column":99}},"type":"cond-expr","locations":[{"start":{"line":33,"column":66},"end":{"line":33,"column":80}},{"start":{"line":33,"column":83},"end":{"line":33,"column":99}}],"line":33}},"s":{"0":6,"1":51},"f":{"0":51},"b":{"0":[11,40]},"_coverageSchema":"1a1c01bbd47fc00a2c39e90264f33305004495a9","hash":"6b4e0c1625840ad07a7892c3886a391fe12f3343"}
,"/home/imrans/Git Repos/Assignment-Blinkist/src/components/atoms/Typography/index.tsx": {"path":"/home/imrans/Git Repos/Assignment-Blinkist/src/components/atoms/Typography/index.tsx","statementMap":{"0":{"start":{"line":12,"column":4},"end":{"line":16,"column":5}}},"fnMap":{"0":{"name":"Text","decl":{"start":{"line":11,"column":9},"end":{"line":11,"column":13}},"loc":{"start":{"line":11,"column":30},"end":{"line":17,"column":1}},"line":11}},"branchMap":{},"s":{"0":4},"f":{"0":4},"b":{},"_coverageSchema":"1a1c01bbd47fc00a2c39e90264f33305004495a9","hash":"513f6a8af4b2358796ffe23d008a82b7d1834956"}
,"/home/imrans/Git Repos/Assignment-Blinkist/src/components/molecules/AvatarNavItem/index.tsx": {"path":"/home/imrans/Git Repos/Assignment-Blinkist/src/components/molecules/AvatarNavItem/index.tsx","statementMap":{"0":{"start":{"line":6,"column":26},"end":{"line":21,"column":1}},"1":{"start":{"line":27,"column":22},"end":{"line":42,"column":1}},"2":{"start":{"line":28,"column":4},"end":{"line":41,"column":5}}},"fnMap":{"0":{"name":"(anonymous_0)","decl":{"start":{"line":27,"column":22},"end":{"line":27,"column":23}},"loc":{"start":{"line":27,"column":44},"end":{"line":42,"column":1}},"line":27}},"branchMap":{},"s":{"0":5,"1":5,"2":2},"f":{"0":2},"b":{},"_coverageSchema":"1a1c01bbd47fc00a2c39e90264f33305004495a9","hash":"52da733381e285a557fff6b38d3c392d44fb5f6b"}
,"/home/imrans/Git Repos/Assignment-Blinkist/src/components/molecules/Banner/index.tsx": {"path":"/home/imrans/Git Repos/Assignment-Blinkist/src/components/molecules/Banner/index.tsx","statementMap":{"0":{"start":{"line":6,"column":26},"end":{"line":25,"column":1}},"1":{"start":{"line":28,"column":15},"end":{"line":46,"column":1}},"2":{"start":{"line":29,"column":4},"end":{"line":45,"column":5}}},"fnMap":{"0":{"name":"(anonymous_0)","decl":{"start":{"line":28,"column":15},"end":{"line":28,"column":16}},"loc":{"start":{"line":28,"column":21},"end":{"line":46,"column":1}},"line":28}},"branchMap":{},"s":{"0":5,"1":5,"2":1},"f":{"0":1},"b":{},"_coverageSchema":"1a1c01bbd47fc00a2c39e90264f33305004495a9","hash":"88bf4801ad08311047706e3ce7714ccac4311f36"}
,"/home/imrans/Git Repos/Assignment-Blinkist/src/components/molecules/Blinks/index.tsx": {"path":"/home/imrans/Git Repos/Assignment-Blinkist/src/components/molecules/Blinks/index.tsx","statementMap":{"0":{"start":{"line":7,"column":23},"end":{"line":11,"column":1}},"1":{"start":{"line":13,"column":15},"end":{"line":43,"column":1}},"2":{"start":{"line":14,"column":25},"end":{"line":14,"column":83}},"3":{"start":{"line":15,"column":25},"end":{"line":15,"column":71}},"4":{"start":{"line":16,"column":14},"end":{"line":16,"column":15}},"5":{"start":{"line":18,"column":22},"end":{"line":18,"column":35}},"6":{"start":{"line":20,"column":20},"end":{"line":22,"column":5}},"7":{"start":{"line":21,"column":8},"end":{"line":21,"column":40}},"8":{"start":{"line":24,"column":4},"end":{"line":42,"column":5}},"9":{"start":{"line":27,"column":12},"end":{"line":39,"column":15}},"10":{"start":{"line":33,"column":24},"end":{"line":35,"column":31}}},"fnMap":{"0":{"name":"(anonymous_0)","decl":{"start":{"line":13,"column":15},"end":{"line":13,"column":16}},"loc":{"start":{"line":13,"column":20},"end":{"line":43,"column":1}},"line":13},"1":{"name":"(anonymous_1)","decl":{"start":{"line":20,"column":20},"end":{"line":20,"column":21}},"loc":{"start":{"line":20,"column":38},"end":{"line":22,"column":5}},"line":20},"2":{"name":"(anonymous_2)","decl":{"start":{"line":26,"column":26},"end":{"line":26,"column":27}},"loc":{"start":{"line":27,"column":12},"end":{"line":39,"column":15}},"line":27},"3":{"name":"(anonymous_3)","decl":{"start":{"line":32,"column":31},"end":{"line":32,"column":32}},"loc":{"start":{"line":33,"column":24},"end":{"line":35,"column":31}},"line":33}},"branchMap":{},"s":{"0":5,"1":5,"2":3,"3":3,"4":3,"5":3,"6":2,"7":0,"8":2,"9":6,"10":24},"f":{"0":3,"1":0,"2":6,"3":24},"b":{},"_coverageSchema":"1a1c01bbd47fc00a2c39e90264f33305004495a9","hash":"fec4d06e98d0f516ce175a30d81784741bc509aa"}
,"/home/imrans/Git Repos/Assignment-Blinkist/src/components/molecules/BookCard/index.tsx": {"path":"/home/imrans/Git Repos/Assignment-Blinkist/src/components/molecules/BookCard/index.tsx","statementMap":{"0":{"start":{"line":11,"column":18},"end":{"line":63,"column":2}},"1":{"start":{"line":76,"column":18},"end":{"line":76,"column":29}},"2":{"start":{"line":79,"column":21},"end":{"line":79,"column":27}},"3":{"start":{"line":80,"column":4},"end":{"line":83,"column":5}},"4":{"start":{"line":82,"column":8},"end":{"line":82,"column":56}},"5":{"start":{"line":85,"column":4},"end":{"line":113,"column":5}},"6":{"start":{"line":87,"column":8},"end":{"line":87,"column":27}},"7":{"start":{"line":88,"column":8},"end":{"line":90,"column":9}},"8":{"start":{"line":89,"column":97},"end":{"line":89,"column":125}},"9":{"start":{"line":92,"column":9},"end":{"line":113,"column":5}},"10":{"start":{"line":94,"column":8},"end":{"line":94,"column":26}},"11":{"start":{"line":95,"column":8},"end":{"line":102,"column":9}},"12":{"start":{"line":106,"column":8},"end":{"line":112,"column":9}},"13":{"start":{"line":115,"column":4},"end":{"line":140,"column":5}}},"fnMap":{"0":{"name":"BookCard","decl":{"start":{"line":75,"column":9},"end":{"line":75,"column":17}},"loc":{"start":{"line":75,"column":35},"end":{"line":141,"column":1}},"line":75},"1":{"name":"(anonymous_1)","decl":{"start":{"line":89,"column":93},"end":{"line":89,"column":94}},"loc":{"start":{"line":89,"column":97},"end":{"line":89,"column":125}},"line":89}},"branchMap":{"0":{"loc":{"start":{"line":80,"column":4},"end":{"line":83,"column":5}},"type":"if","locations":[{"start":{"line":80,"column":4},"end":{"line":83,"column":5}},{"start":{},"end":{}}],"line":80},"1":{"loc":{"start":{"line":85,"column":4},"end":{"line":113,"column":5}},"type":"if","locations":[{"start":{"line":85,"column":4},"end":{"line":113,"column":5}},{"start":{"line":92,"column":9},"end":{"line":113,"column":5}}],"line":85},"2":{"loc":{"start":{"line":92,"column":9},"end":{"line":113,"column":5}},"type":"if","locations":[{"start":{"line":92,"column":9},"end":{"line":113,"column":5}},{"start":{"line":105,"column":4},"end":{"line":113,"column":5}}],"line":92},"3":{"loc":{"start":{"line":92,"column":12},"end":{"line":92,"column":68}},"type":"binary-expr","locations":[{"start":{"line":92,"column":12},"end":{"line":92,"column":39}},{"start":{"line":92,"column":43},"end":{"line":92,"column":68}}],"line":92}},"s":{"0":7,"1":44,"2":44,"3":44,"4":21,"5":44,"6":21,"7":21,"8":0,"9":23,"10":1,"11":1,"12":22,"13":44},"f":{"0":44,"1":0},"b":{"0":[21,23],"1":[21,23],"2":[1,22],"3":[23,23]},"_coverageSchema":"1a1c01bbd47fc00a2c39e90264f33305004495a9","hash":"f9cd95e65db8185b56776fd5ec1ecb3010210919"}
,"/home/imrans/Git Repos/Assignment-Blinkist/src/components/molecules/BookDetailsTab/index.tsx": {"path":"/home/imrans/Git Repos/Assignment-Blinkist/src/components/molecules/BookDetailsTab/index.tsx","statementMap":{"0":{"start":{"line":4,"column":18},"end":{"line":30,"column":1}},"1":{"start":{"line":32,"column":23},"end":{"line":59,"column":1}},"2":{"start":{"line":34,"column":42},"end":{"line":34,"column":53}},"3":{"start":{"line":36,"column":25},"end":{"line":38,"column":5}},"4":{"start":{"line":37,"column":8},"end":{"line":37,"column":33}},"5":{"start":{"line":40,"column":4},"end":{"line":58,"column":5}}},"fnMap":{"0":{"name":"(anonymous_0)","decl":{"start":{"line":32,"column":23},"end":{"line":32,"column":24}},"loc":{"start":{"line":32,"column":29},"end":{"line":59,"column":1}},"line":32},"1":{"name":"(anonymous_1)","decl":{"start":{"line":36,"column":25},"end":{"line":36,"column":26}},"loc":{"start":{"line":36,"column":54},"end":{"line":38,"column":5}},"line":36}},"branchMap":{"0":{"loc":{"start":{"line":44,"column":42},"end":{"line":44,"column":103}},"type":"cond-expr","locations":[{"start":{"line":44,"column":60},"end":{"line":44,"column":79}},{"start":{"line":44,"column":82},"end":{"line":44,"column":103}}],"line":44},"1":{"loc":{"start":{"line":45,"column":48},"end":{"line":45,"column":109}},"type":"cond-expr","locations":[{"start":{"line":45,"column":66},"end":{"line":45,"column":85}},{"start":{"line":45,"column":88},"end":{"line":45,"column":109}}],"line":45},"2":{"loc":{"start":{"line":46,"column":50},"end":{"line":46,"column":111}},"type":"cond-expr","locations":[{"start":{"line":46,"column":68},"end":{"line":46,"column":87}},{"start":{"line":46,"column":90},"end":{"line":46,"column":111}}],"line":46},"3":{"loc":{"start":{"line":50,"column":9},"end":{"line":53,"column":25}},"type":"binary-expr","locations":[{"start":{"line":50,"column":9},"end":{"line":50,"column":26}},{"start":{"line":51,"column":12},"end":{"line":53,"column":25}}],"line":50},"4":{"loc":{"start":{"line":55,"column":9},"end":{"line":55,"column":56}},"type":"binary-expr","locations":[{"start":{"line":55,"column":9},"end":{"line":55,"column":26}},{"start":{"line":55,"column":30},"end":{"line":55,"column":56}}],"line":55},"5":{"loc":{"start":{"line":56,"column":9},"end":{"line":56,"column":59}},"type":"binary-expr","locations":[{"start":{"line":56,"column":9},"end":{"line":56,"column":26}},{"start":{"line":56,"column":30},"end":{"line":56,"column":59}}],"line":56}},"s":{"0":6,"1":6,"2":2,"3":2,"4":0,"5":2},"f":{"0":2,"1":0},"b":{"0":[2,0],"1":[0,2],"2":[0,2],"3":[2,2],"4":[2,0],"5":[2,0]},"_coverageSchema":"1a1c01bbd47fc00a2c39e90264f33305004495a9","hash":"d1a4c4c5d2b7946039a2a8e8426cabebbb9274ec"}
,"/home/imrans/Git Repos/Assignment-Blinkist/src/components/molecules/Explore/ExploreBar/index.tsx": {"path":"/home/imrans/Git Repos/Assignment-Blinkist/src/components/molecules/Explore/ExploreBar/index.tsx","statementMap":{"0":{"start":{"line":4,"column":15},"end":{"line":27,"column":1}},"1":{"start":{"line":35,"column":36},"end":{"line":35,"column":49}},"2":{"start":{"line":37,"column":20},"end":{"line":40,"column":1}},"3":{"start":{"line":38,"column":4},"end":{"line":38,"column":32}},"4":{"start":{"line":39,"column":4},"end":{"line":39,"column":31}},"5":{"start":{"line":42,"column":4},"end":{"line":50,"column":5}}},"fnMap":{"0":{"name":"ExploreBar","decl":{"start":{"line":33,"column":9},"end":{"line":33,"column":19}},"loc":{"start":{"line":33,"column":36},"end":{"line":51,"column":1}},"line":33},"1":{"name":"(anonymous_1)","decl":{"start":{"line":37,"column":20},"end":{"line":37,"column":21}},"loc":{"start":{"line":37,"column":35},"end":{"line":40,"column":1}},"line":37}},"branchMap":{"0":{"loc":{"start":{"line":45,"column":71},"end":{"line":45,"column":123}},"type":"cond-expr","locations":[{"start":{"line":45,"column":88},"end":{"line":45,"column":103}},{"start":{"line":45,"column":106},"end":{"line":45,"column":123}}],"line":45},"1":{"loc":{"start":{"line":46,"column":71},"end":{"line":46,"column":123}},"type":"cond-expr","locations":[{"start":{"line":46,"column":88},"end":{"line":46,"column":103}},{"start":{"line":46,"column":106},"end":{"line":46,"column":123}}],"line":46},"2":{"loc":{"start":{"line":47,"column":71},"end":{"line":47,"column":123}},"type":"cond-expr","locations":[{"start":{"line":47,"column":88},"end":{"line":47,"column":103}},{"start":{"line":47,"column":106},"end":{"line":47,"column":123}}],"line":47}},"s":{"0":5,"1":2,"2":2,"3":0,"4":0,"5":2},"f":{"0":2,"1":0},"b":{"0":[2,0],"1":[0,2],"2":[0,2]},"_coverageSchema":"1a1c01bbd47fc00a2c39e90264f33305004495a9","hash":"0acad478fcfeaf1499ebaff2785dcebf87cb8bc3"}
,"/home/imrans/Git Repos/Assignment-Blinkist/src/components/molecules/Explore/ExploreButton/index.tsx": {"path":"/home/imrans/Git Repos/Assignment-Blinkist/src/components/molecules/Explore/ExploreButton/index.tsx","statementMap":{"0":{"start":{"line":7,"column":26},"end":{"line":23,"column":1}},"1":{"start":{"line":25,"column":22},"end":{"line":60,"column":1}},"2":{"start":{"line":27,"column":31},"end":{"line":27,"column":46}},"3":{"start":{"line":29,"column":20},"end":{"line":29,"column":43}},"4":{"start":{"line":31,"column":26},"end":{"line":34,"column":5}},"5":{"start":{"line":32,"column":8},"end":{"line":32,"column":25}},"6":{"start":{"line":33,"column":8},"end":{"line":33,"column":17}},"7":{"start":{"line":39,"column":4},"end":{"line":49,"column":5}},"8":{"start":{"line":41,"column":8},"end":{"line":41,"column":91}},"9":{"start":{"line":42,"column":8},"end":{"line":42,"column":26}},"10":{"start":{"line":47,"column":8},"end":{"line":47,"column":93}},"11":{"start":{"line":48,"column":8},"end":{"line":48,"column":26}},"12":{"start":{"line":51,"column":4},"end":{"line":59,"column":5}}},"fnMap":{"0":{"name":"(anonymous_0)","decl":{"start":{"line":25,"column":22},"end":{"line":25,"column":23}},"loc":{"start":{"line":25,"column":28},"end":{"line":60,"column":1}},"line":25},"1":{"name":"(anonymous_1)","decl":{"start":{"line":31,"column":26},"end":{"line":31,"column":27}},"loc":{"start":{"line":31,"column":30},"end":{"line":34,"column":5}},"line":31}},"branchMap":{"0":{"loc":{"start":{"line":39,"column":4},"end":{"line":49,"column":5}},"type":"if","locations":[{"start":{"line":39,"column":4},"end":{"line":49,"column":5}},{"start":{"line":46,"column":4},"end":{"line":49,"column":5}}],"line":39}},"s":{"0":4,"1":4,"2":2,"3":2,"4":2,"5":0,"6":0,"7":2,"8":0,"9":0,"10":2,"11":2,"12":2},"f":{"0":2,"1":0},"b":{"0":[0,2]},"_coverageSchema":"1a1c01bbd47fc00a2c39e90264f33305004495a9","hash":"2548e5e3b4800febcbd86fb537bf0e080708102d"}
,"/home/imrans/Git Repos/Assignment-Blinkist/src/components/molecules/Explore/ExploreItem/index.tsx": {"path":"/home/imrans/Git Repos/Assignment-Blinkist/src/components/molecules/Explore/ExploreItem/index.tsx","statementMap":{"0":{"start":{"line":5,"column":23},"end":{"line":20,"column":1}},"1":{"start":{"line":28,"column":20},"end":{"line":36,"column":1}},"2":{"start":{"line":29,"column":4},"end":{"line":35,"column":5}}},"fnMap":{"0":{"name":"(anonymous_0)","decl":{"start":{"line":28,"column":20},"end":{"line":28,"column":21}},"loc":{"start":{"line":28,"column":45},"end":{"line":36,"column":1}},"line":28}},"branchMap":{},"s":{"0":5,"1":5,"2":37},"f":{"0":37},"b":{},"_coverageSchema":"1a1c01bbd47fc00a2c39e90264f33305004495a9","hash":"b2d3845b6ba0fbbeb4ac200afbae02a13a1866dc"}
,"/home/imrans/Git Repos/Assignment-Blinkist/src/components/molecules/Explore/ExploreList/index.tsx": {"path":"/home/imrans/Git Repos/Assignment-Blinkist/src/components/molecules/Explore/ExploreList/index.tsx","statementMap":{"0":{"start":{"line":25,"column":20},"end":{"line":56,"column":1}},"1":{"start":{"line":27,"column":20},"end":{"line":27,"column":33}},"2":{"start":{"line":28,"column":20},"end":{"line":28,"column":43}},"3":{"start":{"line":30,"column":4},"end":{"line":30,"column":30}},"4":{"start":{"line":30,"column":19},"end":{"line":30,"column":30}},"5":{"start":{"line":32,"column":4},"end":{"line":55,"column":5}},"6":{"start":{"line":35,"column":103},"end":{"line":35,"column":133}},"7":{"start":{"line":35,"column":134},"end":{"line":35,"column":143}}},"fnMap":{"0":{"name":"(anonymous_0)","decl":{"start":{"line":25,"column":20},"end":{"line":25,"column":21}},"loc":{"start":{"line":25,"column":36},"end":{"line":56,"column":1}},"line":25},"1":{"name":"(anonymous_1)","decl":{"start":{"line":35,"column":98},"end":{"line":35,"column":99}},"loc":{"start":{"line":35,"column":102},"end":{"line":35,"column":144}},"line":35}},"branchMap":{"0":{"loc":{"start":{"line":30,"column":4},"end":{"line":30,"column":30}},"type":"if","locations":[{"start":{"line":30,"column":4},"end":{"line":30,"column":30}},{"start":{},"end":{}}],"line":30}},"s":{"0":4,"1":3,"2":3,"3":3,"4":1,"5":2,"6":0,"7":0},"f":{"0":3,"1":0},"b":{"0":[1,2]},"_coverageSchema":"1a1c01bbd47fc00a2c39e90264f33305004495a9","hash":"45951d92d0aa98596016b409685062f058995376"}
,"/home/imrans/Git Repos/Assignment-Blinkist/src/components/molecules/FooterFrame/index.tsx": {"path":"/home/imrans/Git Repos/Assignment-Blinkist/src/components/molecules/FooterFrame/index.tsx","statementMap":{"0":{"start":{"line":7,"column":18},"end":{"line":26,"column":1}},"1":{"start":{"line":29,"column":4},"end":{"line":45,"column":5}}},"fnMap":{"0":{"name":"FooterFrame","decl":{"start":{"line":28,"column":9},"end":{"line":28,"column":20}},"loc":{"start":{"line":28,"column":23},"end":{"line":46,"column":1}},"line":28}},"branchMap":{},"s":{"0":5,"1":3},"f":{"0":3},"b":{},"_coverageSchema":"1a1c01bbd47fc00a2c39e90264f33305004495a9","hash":"6e0ac8dd6540af3297daf32926bdc36b15ae1ebd"}
,"/home/imrans/Git Repos/Assignment-Blinkist/src/components/molecules/NavSection/index.tsx": {"path":"/home/imrans/Git Repos/Assignment-Blinkist/src/components/molecules/NavSection/index.tsx","statementMap":{"0":{"start":{"line":6,"column":4},"end":{"line":33,"column":5}}},"fnMap":{"0":{"name":"NavSection","decl":{"start":{"line":5,"column":9},"end":{"line":5,"column":19}},"loc":{"start":{"line":5,"column":22},"end":{"line":34,"column":1}},"line":5}},"branchMap":{},"s":{"0":3},"f":{"0":3},"b":{},"_coverageSchema":"1a1c01bbd47fc00a2c39e90264f33305004495a9","hash":"f3d319d7d0671fe2f4c2f5f83a45c6fac4647dde"}
,"/home/imrans/Git Repos/Assignment-Blinkist/src/components/molecules/PeopleRead/index.tsx": {"path":"/home/imrans/Git Repos/Assignment-Blinkist/src/components/molecules/PeopleRead/index.tsx","statementMap":{"0":{"start":{"line":6,"column":18},"end":{"line":16,"column":1}},"1":{"start":{"line":23,"column":4},"end":{"line":34,"column":5}}},"fnMap":{"0":{"name":"PeopleRead","decl":{"start":{"line":22,"column":9},"end":{"line":22,"column":19}},"loc":{"start":{"line":22,"column":39},"end":{"line":35,"column":1}},"line":22}},"branchMap":{},"s":{"0":7,"1":21},"f":{"0":21},"b":{},"_coverageSchema":"1a1c01bbd47fc00a2c39e90264f33305004495a9","hash":"bb0f43ddbf2847d7e83ead1e024d99d4897e5bdb"}
,"/home/imrans/Git Repos/Assignment-Blinkist/src/components/molecules/TabPanel/index.tsx": {"path":"/home/imrans/Git Repos/Assignment-Blinkist/src/components/molecules/TabPanel/index.tsx","statementMap":{"0":{"start":{"line":10,"column":17},"end":{"line":28,"column":1}},"1":{"start":{"line":12,"column":4},"end":{"line":15,"column":31}},"2":{"start":{"line":13,"column":8},"end":{"line":13,"column":32}},"3":{"start":{"line":15,"column":8},"end":{"line":15,"column":31}},"4":{"start":{"line":16,"column":4},"end":{"line":27,"column":5}},"5":{"start":{"line":20,"column":20},"end":{"line":22,"column":27}},"6":{"start":{"line":21,"column":168},"end":{"line":21,"column":181}}},"fnMap":{"0":{"name":"(anonymous_0)","decl":{"start":{"line":10,"column":17},"end":{"line":10,"column":18}},"loc":{"start":{"line":10,"column":38},"end":{"line":28,"column":1}},"line":10},"1":{"name":"(anonymous_1)","decl":{"start":{"line":19,"column":27},"end":{"line":19,"column":28}},"loc":{"start":{"line":20,"column":20},"end":{"line":22,"column":27}},"line":20},"2":{"name":"(anonymous_2)","decl":{"start":{"line":21,"column":163},"end":{"line":21,"column":164}},"loc":{"start":{"line":21,"column":167},"end":{"line":21,"column":182}},"line":21}},"branchMap":{"0":{"loc":{"start":{"line":12,"column":4},"end":{"line":15,"column":31}},"type":"if","locations":[{"start":{"line":12,"column":4},"end":{"line":15,"column":31}},{"start":{"line":15,"column":8},"end":{"line":15,"column":31}}],"line":12}},"s":{"0":5,"1":3,"2":2,"3":1,"4":3,"5":18,"6":0},"f":{"0":3,"1":18,"2":0},"b":{"0":[2,1]},"_coverageSchema":"1a1c01bbd47fc00a2c39e90264f33305004495a9","hash":"4766ab97cbd3219369b791bf05a58b769aaaa0e4"}
,"/home/imrans/Git Repos/Assignment-Blinkist/src/components/molecules/TabsBar/index.tsx": {"path":"/home/imrans/Git Repos/Assignment-Blinkist/src/components/molecules/TabsBar/index.tsx","statementMap":{"0":{"start":{"line":5,"column":18},"end":{"line":26,"column":1}},"1":{"start":{"line":28,"column":16},"end":{"line":50,"column":1}},"2":{"start":{"line":30,"column":42},"end":{"line":30,"column":53}},"3":{"start":{"line":31,"column":25},"end":{"line":31,"column":40}},"4":{"start":{"line":33,"column":25},"end":{"line":36,"column":5}},"5":{"start":{"line":34,"column":8},"end":{"line":34,"column":33}},"6":{"start":{"line":35,"column":8},"end":{"line":35,"column":23}},"7":{"start":{"line":38,"column":4},"end":{"line":49,"column":5}}},"fnMap":{"0":{"name":"(anonymous_0)","decl":{"start":{"line":28,"column":16},"end":{"line":28,"column":17}},"loc":{"start":{"line":28,"column":22},"end":{"line":50,"column":1}},"line":28},"1":{"name":"(anonymous_1)","decl":{"start":{"line":33,"column":25},"end":{"line":33,"column":26}},"loc":{"start":{"line":33,"column":54},"end":{"line":36,"column":5}},"line":33}},"branchMap":{"0":{"loc":{"start":{"line":42,"column":51},"end":{"line":42,"column":108}},"type":"cond-expr","locations":[{"start":{"line":42,"column":65},"end":{"line":42,"column":84}},{"start":{"line":42,"column":87},"end":{"line":42,"column":108}}],"line":42},"1":{"loc":{"start":{"line":43,"column":42},"end":{"line":43,"column":100}},"type":"cond-expr","locations":[{"start":{"line":43,"column":57},"end":{"line":43,"column":76}},{"start":{"line":43,"column":79},"end":{"line":43,"column":100}}],"line":43}},"s":{"0":4,"1":4,"2":1,"3":1,"4":1,"5":0,"6":0,"7":1},"f":{"0":1,"1":0},"b":{"0":[0,1],"1":[1,0]},"_coverageSchema":"1a1c01bbd47fc00a2c39e90264f33305004495a9","hash":"f49dd91f53b8d69dfb27158bd16e4c9916dc23c4"}
,"/home/imrans/Git Repos/Assignment-Blinkist/src/components/molecules/TimeRead/index.tsx": {"path":"/home/imrans/Git Repos/Assignment-Blinkist/src/components/molecules/TimeRead/index.tsx","statementMap":{"0":{"start":{"line":6,"column":18},"end":{"line":17,"column":1}},"1":{"start":{"line":26,"column":43},"end":{"line":26,"column":48}},"2":{"start":{"line":27,"column":4},"end":{"line":38,"column":5}}},"fnMap":{"0":{"name":"TimeRead","decl":{"start":{"line":25,"column":9},"end":{"line":25,"column":17}},"loc":{"start":{"line":25,"column":35},"end":{"line":39,"column":1}},"line":25}},"branchMap":{"0":{"loc":{"start":{"line":26,"column":11},"end":{"line":26,"column":24}},"type":"default-arg","locations":[{"start":{"line":26,"column":17},"end":{"line":26,"column":24}}],"line":26},"1":{"loc":{"start":{"line":26,"column":26},"end":{"line":26,"column":39}},"type":"default-arg","locations":[{"start":{"line":26,"column":33},"end":{"line":26,"column":39}}],"line":26}},"s":{"0":10,"1":47,"2":47},"f":{"0":47},"b":{"0":[0],"1":[0]},"_coverageSchema":"1a1c01bbd47fc00a2c39e90264f33305004495a9","hash":"5e2b702fb4ba34cdc6e2e6c621f6b92f44db274b"}
,"/home/imrans/Git Repos/Assignment-Blinkist/src/components/organisms/BookInfo/index.tsx": {"path":"/home/imrans/Git Repos/Assignment-Blinkist/src/components/organisms/BookInfo/index.tsx","statementMap":{"0":{"start":{"line":11,"column":17},"end":{"line":80,"column":1}},"1":{"start":{"line":13,"column":20},"end":{"line":13,"column":31}},"2":{"start":{"line":14,"column":22},"end":{"line":14,"column":35}},"3":{"start":{"line":16,"column":18},"end":{"line":23,"column":5}},"4":{"start":{"line":17,"column":8},"end":{"line":17,"column":66}},"5":{"start":{"line":17,"column":45},"end":{"line":17,"column":65}},"6":{"start":{"line":18,"column":8},"end":{"line":18,"column":34}},"7":{"start":{"line":19,"column":22},"end":{"line":19,"column":52}},"8":{"start":{"line":20,"column":8},"end":{"line":20,"column":40}},"9":{"start":{"line":21,"column":8},"end":{"line":21,"column":34}},"10":{"start":{"line":22,"column":8},"end":{"line":22,"column":22}},"11":{"start":{"line":24,"column":4},"end":{"line":24,"column":21}},"12":{"start":{"line":26,"column":4},"end":{"line":79,"column":5}}},"fnMap":{"0":{"name":"(anonymous_0)","decl":{"start":{"line":11,"column":17},"end":{"line":11,"column":18}},"loc":{"start":{"line":11,"column":23},"end":{"line":80,"column":1}},"line":11},"1":{"name":"(anonymous_1)","decl":{"start":{"line":16,"column":18},"end":{"line":16,"column":19}},"loc":{"start":{"line":16,"column":24},"end":{"line":23,"column":5}},"line":16},"2":{"name":"(anonymous_2)","decl":{"start":{"line":17,"column":37},"end":{"line":17,"column":38}},"loc":{"start":{"line":17,"column":45},"end":{"line":17,"column":65}},"line":17}},"branchMap":{},"s":{"0":6,"1":2,"2":2,"3":2,"4":0,"5":0,"6":0,"7":0,"8":0,"9":0,"10":0,"11":2,"12":2},"f":{"0":2,"1":0,"2":0},"b":{},"_coverageSchema":"1a1c01bbd47fc00a2c39e90264f33305004495a9","hash":"9bcd3f56640004cfc6a5b7ca7116710d60f04d57"}
,"/home/imrans/Git Repos/Assignment-Blinkist/src/components/organisms/ExploreMenu/index.tsx": {"path":"/home/imrans/Git Repos/Assignment-Blinkist/src/components/organisms/ExploreMenu/index.tsx","statementMap":{"0":{"start":{"line":6,"column":15},"end":{"line":52,"column":1}},"1":{"start":{"line":54,"column":20},"end":{"line":80,"column":1}},"2":{"start":{"line":56,"column":30},"end":{"line":56,"column":43}},"3":{"start":{"line":58,"column":22},"end":{"line":60,"column":5}},"4":{"start":{"line":59,"column":8},"end":{"line":59,"column":21}},"5":{"start":{"line":62,"column":4},"end":{"line":62,"column":25}},"6":{"start":{"line":62,"column":14},"end":{"line":62,"column":25}},"7":{"start":{"line":64,"column":4},"end":{"line":79,"column":5}}},"fnMap":{"0":{"name":"(anonymous_0)","decl":{"start":{"line":54,"column":20},"end":{"line":54,"column":21}},"loc":{"start":{"line":54,"column":36},"end":{"line":80,"column":1}},"line":54},"1":{"name":"(anonymous_1)","decl":{"start":{"line":58,"column":22},"end":{"line":58,"column":23}},"loc":{"start":{"line":58,"column":38},"end":{"line":60,"column":5}},"line":58}},"branchMap":{"0":{"loc":{"start":{"line":62,"column":4},"end":{"line":62,"column":25}},"type":"if","locations":[{"start":{"line":62,"column":4},"end":{"line":62,"column":25}},{"start":{},"end":{}}],"line":62}},"s":{"0":4,"1":4,"2":3,"3":3,"4":0,"5":3,"6":2,"7":1},"f":{"0":3,"1":0},"b":{"0":[2,1]},"_coverageSchema":"1a1c01bbd47fc00a2c39e90264f33305004495a9","hash":"62bcf59af53d0434019c1a20efdf9837e21c0835"}
,"/home/imrans/Git Repos/Assignment-Blinkist/src/components/organisms/Footer/index.tsx": {"path":"/home/imrans/Git Repos/Assignment-Blinkist/src/components/organisms/Footer/index.tsx","statementMap":{"0":{"start":{"line":5,"column":18},"end":{"line":36,"column":1}},"1":{"start":{"line":38,"column":15},"end":{"line":53,"column":1}},"2":{"start":{"line":39,"column":4},"end":{"line":52,"column":5}}},"fnMap":{"0":{"name":"(anonymous_0)","decl":{"start":{"line":38,"column":15},"end":{"line":38,"column":16}},"loc":{"start":{"line":38,"column":21},"end":{"line":53,"column":1}},"line":38}},"branchMap":{},"s":{"0":4,"1":4,"2":1},"f":{"0":1},"b":{},"_coverageSchema":"1a1c01bbd47fc00a2c39e90264f33305004495a9","hash":"4fc5da9823d9b268fe1794a3fced3bab59c39911"}
,"/home/imrans/Git Repos/Assignment-Blinkist/src/components/organisms/Header/index.tsx": {"path":"/home/imrans/Git Repos/Assignment-Blinkist/src/components/organisms/Header/index.tsx","statementMap":{"0":{"start":{"line":11,"column":18},"end":{"line":18,"column":1}},"1":{"start":{"line":21,"column":4},"end":{"line":41,"column":5}}},"fnMap":{"0":{"name":"Header","decl":{"start":{"line":20,"column":9},"end":{"line":20,"column":15}},"loc":{"start":{"line":20,"column":18},"end":{"line":42,"column":1}},"line":20}},"branchMap":{},"s":{"0":4,"1":1},"f":{"0":1},"b":{},"_coverageSchema":"1a1c01bbd47fc00a2c39e90264f33305004495a9","hash":"0ae455a67e5dfddae4ba55898c83fafa4839f7a8"}
,"/home/imrans/Git Repos/Assignment-Blinkist/src/components/organisms/SearchBar/index.tsx": {"path":"/home/imrans/Git Repos/Assignment-Blinkist/src/components/organisms/SearchBar/index.tsx","statementMap":{"0":{"start":{"line":6,"column":18},"end":{"line":38,"column":1}},"1":{"start":{"line":7,"column":4},"end":{"line":37,"column":5}}},"fnMap":{"0":{"name":"(anonymous_0)","decl":{"start":{"line":6,"column":18},"end":{"line":6,"column":19}},"loc":{"start":{"line":6,"column":24},"end":{"line":38,"column":1}},"line":6}},"branchMap":{},"s":{"0":5,"1":1},"f":{"0":1},"b":{},"_coverageSchema":"1a1c01bbd47fc00a2c39e90264f33305004495a9","hash":"b91a9b6b89f1be65a9d22d487f01e756cb25fe8d"}
,"/home/imrans/Git Repos/Assignment-Blinkist/src/pages/BookDetailsPage/index.tsx": {"path":"/home/imrans/Git Repos/Assignment-Blinkist/src/pages/BookDetailsPage/index.tsx","statementMap":{"0":{"start":{"line":6,"column":24},"end":{"line":31,"column":1}},"1":{"start":{"line":8,"column":4},"end":{"line":30,"column":5}}},"fnMap":{"0":{"name":"(anonymous_0)","decl":{"start":{"line":6,"column":24},"end":{"line":6,"column":25}},"loc":{"start":{"line":6,"column":30},"end":{"line":31,"column":1}},"line":6}},"branchMap":{},"s":{"0":5,"1":1},"f":{"0":1},"b":{},"_coverageSchema":"1a1c01bbd47fc00a2c39e90264f33305004495a9","hash":"a5f17c44c6189e2d0bd23b6a666a3ca45dd4bb54"}
,"/home/imrans/Git Repos/Assignment-Blinkist/src/pages/EntrepreneurshipPage/index.tsx": {"path":"/home/imrans/Git Repos/Assignment-Blinkist/src/pages/EntrepreneurshipPage/index.tsx","statementMap":{"0":{"start":{"line":7,"column":15},"end":{"line":19,"column":1}},"1":{"start":{"line":21,"column":29},"end":{"line":35,"column":1}},"2":{"start":{"line":22,"column":4},"end":{"line":34,"column":5}}},"fnMap":{"0":{"name":"(anonymous_0)","decl":{"start":{"line":21,"column":29},"end":{"line":21,"column":30}},"loc":{"start":{"line":21,"column":35},"end":{"line":35,"column":1}},"line":21}},"branchMap":{},"s":{"0":4,"1":4,"2":0},"f":{"0":0},"b":{},"_coverageSchema":"1a1c01bbd47fc00a2c39e90264f33305004495a9","hash":"603461929093ce95c7d32a7444627f0b4704afd5"}
,"/home/imrans/Git Repos/Assignment-Blinkist/src/pages/LandingPage/index.tsx": {"path":"/home/imrans/Git Repos/Assignment-Blinkist/src/pages/LandingPage/index.tsx","statementMap":{"0":{"start":{"line":5,"column":15},"end":{"line":16,"column":1}},"1":{"start":{"line":18,"column":20},"end":{"line":31,"column":1}},"2":{"start":{"line":19,"column":4},"end":{"line":30,"column":5}}},"fnMap":{"0":{"name":"(anonymous_0)","decl":{"start":{"line":18,"column":20},"end":{"line":18,"column":21}},"loc":{"start":{"line":18,"column":26},"end":{"line":31,"column":1}},"line":18}},"branchMap":{},"s":{"0":4,"1":4,"2":1},"f":{"0":1},"b":{},"_coverageSchema":"1a1c01bbd47fc00a2c39e90264f33305004495a9","hash":"b3c21190ec72af861827b5af1324ba82c7fb3e9e"}
,"/home/imrans/Git Repos/Assignment-Blinkist/src/themes/Theme.tsx": {"path":"/home/imrans/Git Repos/Assignment-Blinkist/src/themes/Theme.tsx","statementMap":{"0":{"start":{"line":3,"column":14},"end":{"line":91,"column":2}}},"fnMap":{},"branchMap":{},"s":{"0":4},"f":{},"b":{},"_coverageSchema":"1a1c01bbd47fc00a2c39e90264f33305004495a9","hash":"0e348d875427ffed05e948aadc23ff62dc75e3f6"}
}
