{"/home/imrans/Git Repos/Assignment-Blinkist/src/App.tsx": {"path":"/home/imrans/Git Repos/Assignment-Blinkist/src/App.tsx","statementMap":{"0":{"start":{"line":13,"column":27},"end":{"line":13,"column":48}},"1":{"start":{"line":17,"column":29},"end":{"line":17,"column":44}},"2":{"start":{"line":19,"column":26},"end":{"line":21,"column":5}},"3":{"start":{"line":20,"column":8},"end":{"line":20,"column":25}},"4":{"start":{"line":23,"column":2},"end":{"line":49,"column":4}}},"fnMap":{"0":{"name":"(anonymous_0)","decl":{"start":{"line":13,"column":41},"end":{"line":13,"column":42}},"loc":{"start":{"line":13,"column":45},"end":{"line":13,"column":47}},"line":13},"1":{"name":"App","decl":{"start":{"line":15,"column":9},"end":{"line":15,"column":12}},"loc":{"start":{"line":15,"column":15},"end":{"line":50,"column":1}},"line":15},"2":{"name":"(anonymous_2)","decl":{"start":{"line":19,"column":26},"end":{"line":19,"column":27}},"loc":{"start":{"line":19,"column":30},"end":{"line":21,"column":5}},"line":19}},"branchMap":{},"s":{"0":2,"1":2,"2":1,"3":0,"4":1},"f":{"0":0,"1":2,"2":0},"b":{},"_coverageSchema":"1a1c01bbd47fc00a2c39e90264f33305004495a9","hash":"b5ce487066bd0b43ec03d246ccb85329a6f41703"}
,"/home/imrans/Git Repos/Assignment-Blinkist/src/db.tsx": {"path":"/home/imrans/Git Repos/Assignment-Blinkist/src/db.tsx","statementMap":{"0":{"start":{"line":22,"column":0},"end":{"line":87,"column":1}},"1":{"start":{"line":99,"column":0},"end":{"line":108,"column":1}},"2":{"start":{"line":119,"column":0},"end":{"line":164,"column":1}},"3":{"start":{"line":175,"column":0},"end":{"line":198,"column":1}},"4":{"start":{"line":209,"column":0},"end":{"line":232,"column":1}}},"fnMap":{},"branchMap":{},"s":{"0":2,"1":2,"2":2,"3":2,"4":2},"f":{},"b":{},"_coverageSchema":"1a1c01bbd47fc00a2c39e90264f33305004495a9","hash":"08f8672e16e52aefc017ea26fe41c8cee84e0d3b"}
,"/home/imrans/Git Repos/Assignment-Blinkist/src/components/atoms/Avatar/index.tsx": {"path":"/home/imrans/Git Repos/Assignment-Blinkist/src/components/atoms/Avatar/index.tsx","statementMap":{"0":{"start":{"line":4,"column":26},"end":{"line":8,"column":1}},"1":{"start":{"line":14,"column":19},"end":{"line":16,"column":1}},"2":{"start":{"line":15,"column":4},"end":{"line":15,"column":64}}},"fnMap":{"0":{"name":"(anonymous_0)","decl":{"start":{"line":14,"column":19},"end":{"line":14,"column":20}},"loc":{"start":{"line":14,"column":42},"end":{"line":16,"column":1}},"line":14}},"branchMap":{},"s":{"0":4,"1":4,"2":3},"f":{"0":3},"b":{},"_coverageSchema":"1a1c01bbd47fc00a2c39e90264f33305004495a9","hash":"5f5c2e94d231f886b6e5a67464c9e66fbd45656c"}
,"/home/imrans/Git Repos/Assignment-Blinkist/src/components/atoms/Buttons/ExploreButton/index.tsx": {"path":"/home/imrans/Git Repos/Assignment-Blinkist/src/components/atoms/Buttons/ExploreButton/index.tsx","statementMap":{"0":{"start":{"line":7,"column":26},"end":{"line":23,"column":1}},"1":{"start":{"line":25,"column":22},"end":{"line":60,"column":1}},"2":{"start":{"line":27,"column":31},"end":{"line":27,"column":46}},"3":{"start":{"line":29,"column":20},"end":{"line":29,"column":43}},"4":{"start":{"line":31,"column":26},"end":{"line":34,"column":5}},"5":{"start":{"line":32,"column":8},"end":{"line":32,"column":25}},"6":{"start":{"line":33,"column":8},"end":{"line":33,"column":17}},"7":{"start":{"line":39,"column":4},"end":{"line":49,"column":5}},"8":{"start":{"line":41,"column":8},"end":{"line":41,"column":91}},"9":{"start":{"line":42,"column":8},"end":{"line":42,"column":26}},"10":{"start":{"line":47,"column":8},"end":{"line":47,"column":93}},"11":{"start":{"line":48,"column":8},"end":{"line":48,"column":26}},"12":{"start":{"line":51,"column":4},"end":{"line":59,"column":5}}},"fnMap":{"0":{"name":"(anonymous_0)","decl":{"start":{"line":25,"column":22},"end":{"line":25,"column":23}},"loc":{"start":{"line":25,"column":28},"end":{"line":60,"column":1}},"line":25},"1":{"name":"(anonymous_1)","decl":{"start":{"line":31,"column":26},"end":{"line":31,"column":27}},"loc":{"start":{"line":31,"column":30},"end":{"line":34,"column":5}},"line":31}},"branchMap":{"0":{"loc":{"start":{"line":39,"column":4},"end":{"line":49,"column":5}},"type":"if","locations":[{"start":{"line":39,"column":4},"end":{"line":49,"column":5}},{"start":{"line":46,"column":4},"end":{"line":49,"column":5}}],"line":39}},"s":{"0":2,"1":2,"2":1,"3":1,"4":1,"5":0,"6":0,"7":1,"8":0,"9":0,"10":1,"11":1,"12":1},"f":{"0":1,"1":0},"b":{"0":[0,1]},"_coverageSchema":"1a1c01bbd47fc00a2c39e90264f33305004495a9","hash":"ef3a149fb2d2380a36c8b1171a1a7ba10dffa587"}
,"/home/imrans/Git Repos/Assignment-Blinkist/src/components/atoms/Buttons/FinishedButton/index.tsx": {"path":"/home/imrans/Git Repos/Assignment-Blinkist/src/components/atoms/Buttons/FinishedButton/index.tsx","statementMap":{"0":{"start":{"line":5,"column":18},"end":{"line":17,"column":2}},"1":{"start":{"line":23,"column":23},"end":{"line":28,"column":1}},"2":{"start":{"line":25,"column":4},"end":{"line":27,"column":5}}},"fnMap":{"0":{"name":"(anonymous_0)","decl":{"start":{"line":23,"column":23},"end":{"line":23,"column":24}},"loc":{"start":{"line":23,"column":47},"end":{"line":28,"column":1}},"line":23}},"branchMap":{},"s":{"0":2,"1":2,"2":0},"f":{"0":0},"b":{},"_coverageSchema":"1a1c01bbd47fc00a2c39e90264f33305004495a9","hash":"1c45cfb8a4207b847cb1dfd239d7f69e5fe5296d"}
,"/home/imrans/Git Repos/Assignment-Blinkist/src/components/atoms/Buttons/KindleButton/index.tsx": {"path":"/home/imrans/Git Repos/Assignment-Blinkist/src/components/atoms/Buttons/KindleButton/index.tsx","statementMap":{"0":{"start":{"line":5,"column":26},"end":{"line":14,"column":1}},"1":{"start":{"line":16,"column":21},"end":{"line":22,"column":1}},"2":{"start":{"line":17,"column":4},"end":{"line":21,"column":5}}},"fnMap":{"0":{"name":"(anonymous_0)","decl":{"start":{"line":16,"column":21},"end":{"line":16,"column":22}},"loc":{"start":{"line":16,"column":27},"end":{"line":22,"column":1}},"line":16}},"branchMap":{},"s":{"0":2,"1":2,"2":0},"f":{"0":0},"b":{},"_coverageSchema":"1a1c01bbd47fc00a2c39e90264f33305004495a9","hash":"a8c838b114ca3750f939bea66ae17e6e3e14f70f"}
,"/home/imrans/Git Repos/Assignment-Blinkist/src/components/atoms/Buttons/ReadNowButton/index.tsx": {"path":"/home/imrans/Git Repos/Assignment-Blinkist/src/components/atoms/Buttons/ReadNowButton/index.tsx","statementMap":{"0":{"start":{"line":4,"column":26},"end":{"line":14,"column":1}},"1":{"start":{"line":16,"column":22},"end":{"line":22,"column":1}},"2":{"start":{"line":17,"column":4},"end":{"line":21,"column":5}}},"fnMap":{"0":{"name":"(anonymous_0)","decl":{"start":{"line":16,"column":22},"end":{"line":16,"column":23}},"loc":{"start":{"line":16,"column":28},"end":{"line":22,"column":1}},"line":16}},"branchMap":{},"s":{"0":2,"1":2,"2":0},"f":{"0":0},"b":{},"_coverageSchema":"1a1c01bbd47fc00a2c39e90264f33305004495a9","hash":"5f1155c9a6e4ee155d6fa4b96ef729fb2f55c3c6"}
,"/home/imrans/Git Repos/Assignment-Blinkist/src/components/atoms/FooterItem/index.tsx": {"path":"/home/imrans/Git Repos/Assignment-Blinkist/src/components/atoms/FooterItem/index.tsx","statementMap":{"0":{"start":{"line":4,"column":21},"end":{"line":9,"column":1}},"1":{"start":{"line":16,"column":4},"end":{"line":22,"column":5}}},"fnMap":{"0":{"name":"FooterItem","decl":{"start":{"line":15,"column":9},"end":{"line":15,"column":19}},"loc":{"start":{"line":15,"column":37},"end":{"line":23,"column":1}},"line":15}},"branchMap":{},"s":{"0":2,"1":13},"f":{"0":13},"b":{},"_coverageSchema":"1a1c01bbd47fc00a2c39e90264f33305004495a9","hash":"f379c0b2aa9220db499d4dab5fdc9490334555bf"}
,"/home/imrans/Git Repos/Assignment-Blinkist/src/components/atoms/Icon/index.tsx": {"path":"/home/imrans/Git Repos/Assignment-Blinkist/src/components/atoms/Icon/index.tsx","statementMap":{"0":{"start":{"line":10,"column":4},"end":{"line":10,"column":103}}},"fnMap":{"0":{"name":"Icon","decl":{"start":{"line":9,"column":9},"end":{"line":9,"column":13}},"loc":{"start":{"line":9,"column":32},"end":{"line":11,"column":1}},"line":9}},"branchMap":{},"s":{"0":36},"f":{"0":36},"b":{},"_coverageSchema":"1a1c01bbd47fc00a2c39e90264f33305004495a9","hash":"8ea83bddde87d6174f332b49cff50456f12d6ad1"}
,"/home/imrans/Git Repos/Assignment-Blinkist/src/components/atoms/Image/index.tsx": {"path":"/home/imrans/Git Repos/Assignment-Blinkist/src/components/atoms/Image/index.tsx","statementMap":{"0":{"start":{"line":10,"column":4},"end":{"line":10,"column":103}}},"fnMap":{"0":{"name":"Image","decl":{"start":{"line":9,"column":9},"end":{"line":9,"column":14}},"loc":{"start":{"line":9,"column":34},"end":{"line":11,"column":1}},"line":9}},"branchMap":{},"s":{"0":3},"f":{"0":3},"b":{},"_coverageSchema":"1a1c01bbd47fc00a2c39e90264f33305004495a9","hash":"67e0d901b6dc631c064c85f0e47b8fdb399fb076"}
,"/home/imrans/Git Repos/Assignment-Blinkist/src/components/molecules/AvatarNavItem/index.tsx": {"path":"/home/imrans/Git Repos/Assignment-Blinkist/src/components/molecules/AvatarNavItem/index.tsx","statementMap":{"0":{"start":{"line":6,"column":26},"end":{"line":21,"column":1}},"1":{"start":{"line":27,"column":22},"end":{"line":42,"column":1}},"2":{"start":{"line":28,"column":4},"end":{"line":41,"column":5}}},"fnMap":{"0":{"name":"(anonymous_0)","decl":{"start":{"line":27,"column":22},"end":{"line":27,"column":23}},"loc":{"start":{"line":27,"column":44},"end":{"line":42,"column":1}},"line":27}},"branchMap":{},"s":{"0":3,"1":3,"2":2},"f":{"0":2},"b":{},"_coverageSchema":"1a1c01bbd47fc00a2c39e90264f33305004495a9","hash":"52da733381e285a557fff6b38d3c392d44fb5f6b"}
,"/home/imrans/Git Repos/Assignment-Blinkist/src/components/molecules/Banner/index.tsx": {"path":"/home/imrans/Git Repos/Assignment-Blinkist/src/components/molecules/Banner/index.tsx","statementMap":{"0":{"start":{"line":6,"column":26},"end":{"line":25,"column":1}},"1":{"start":{"line":28,"column":15},"end":{"line":46,"column":1}},"2":{"start":{"line":29,"column":4},"end":{"line":45,"column":5}}},"fnMap":{"0":{"name":"(anonymous_0)","decl":{"start":{"line":28,"column":15},"end":{"line":28,"column":16}},"loc":{"start":{"line":28,"column":21},"end":{"line":46,"column":1}},"line":28}},"branchMap":{},"s":{"0":3,"1":3,"2":1},"f":{"0":1},"b":{},"_coverageSchema":"1a1c01bbd47fc00a2c39e90264f33305004495a9","hash":"88bf4801ad08311047706e3ce7714ccac4311f36"}
,"/home/imrans/Git Repos/Assignment-Blinkist/src/components/molecules/Blinks/index.tsx": {"path":"/home/imrans/Git Repos/Assignment-Blinkist/src/components/molecules/Blinks/index.tsx","statementMap":{"0":{"start":{"line":7,"column":23},"end":{"line":11,"column":1}},"1":{"start":{"line":13,"column":15},"end":{"line":40,"column":1}},"2":{"start":{"line":14,"column":25},"end":{"line":14,"column":83}},"3":{"start":{"line":15,"column":25},"end":{"line":15,"column":71}},"4":{"start":{"line":16,"column":14},"end":{"line":16,"column":15}},"5":{"start":{"line":18,"column":22},"end":{"line":18,"column":35}},"6":{"start":{"line":20,"column":20},"end":{"line":22,"column":5}},"7":{"start":{"line":21,"column":8},"end":{"line":21,"column":40}},"8":{"start":{"line":24,"column":4},"end":{"line":39,"column":5}},"9":{"start":{"line":27,"column":12},"end":{"line":36,"column":15}},"10":{"start":{"line":33,"column":24},"end":{"line":33,"column":173}}},"fnMap":{"0":{"name":"(anonymous_0)","decl":{"start":{"line":13,"column":15},"end":{"line":13,"column":16}},"loc":{"start":{"line":13,"column":20},"end":{"line":40,"column":1}},"line":13},"1":{"name":"(anonymous_1)","decl":{"start":{"line":20,"column":20},"end":{"line":20,"column":21}},"loc":{"start":{"line":20,"column":38},"end":{"line":22,"column":5}},"line":20},"2":{"name":"(anonymous_2)","decl":{"start":{"line":26,"column":26},"end":{"line":26,"column":27}},"loc":{"start":{"line":27,"column":12},"end":{"line":36,"column":15}},"line":27},"3":{"name":"(anonymous_3)","decl":{"start":{"line":32,"column":31},"end":{"line":32,"column":32}},"loc":{"start":{"line":33,"column":24},"end":{"line":33,"column":173}},"line":33}},"branchMap":{},"s":{"0":2,"1":2,"2":0,"3":0,"4":0,"5":0,"6":0,"7":0,"8":0,"9":0,"10":0},"f":{"0":0,"1":0,"2":0,"3":0},"b":{},"_coverageSchema":"1a1c01bbd47fc00a2c39e90264f33305004495a9","hash":"17ffec533e3519c125ffef55033b26d40d1f3ba5"}
,"/home/imrans/Git Repos/Assignment-Blinkist/src/components/molecules/BookCard/index.tsx": {"path":"/home/imrans/Git Repos/Assignment-Blinkist/src/components/molecules/BookCard/index.tsx","statementMap":{"0":{"start":{"line":10,"column":18},"end":{"line":62,"column":2}},"1":{"start":{"line":75,"column":18},"end":{"line":75,"column":29}},"2":{"start":{"line":78,"column":21},"end":{"line":78,"column":27}},"3":{"start":{"line":79,"column":4},"end":{"line":82,"column":5}},"4":{"start":{"line":81,"column":8},"end":{"line":81,"column":56}},"5":{"start":{"line":84,"column":4},"end":{"line":114,"column":5}},"6":{"start":{"line":86,"column":8},"end":{"line":86,"column":27}},"7":{"start":{"line":87,"column":8},"end":{"line":91,"column":9}},"8":{"start":{"line":88,"column":72},"end":{"line":88,"column":100}},"9":{"start":{"line":93,"column":9},"end":{"line":114,"column":5}},"10":{"start":{"line":95,"column":8},"end":{"line":95,"column":26}},"11":{"start":{"line":96,"column":8},"end":{"line":103,"column":9}},"12":{"start":{"line":107,"column":8},"end":{"line":113,"column":9}},"13":{"start":{"line":116,"column":4},"end":{"line":141,"column":5}}},"fnMap":{"0":{"name":"BookCard","decl":{"start":{"line":74,"column":9},"end":{"line":74,"column":17}},"loc":{"start":{"line":74,"column":35},"end":{"line":142,"column":1}},"line":74},"1":{"name":"(anonymous_1)","decl":{"start":{"line":88,"column":68},"end":{"line":88,"column":69}},"loc":{"start":{"line":88,"column":72},"end":{"line":88,"column":100}},"line":88}},"branchMap":{"0":{"loc":{"start":{"line":79,"column":4},"end":{"line":82,"column":5}},"type":"if","locations":[{"start":{"line":79,"column":4},"end":{"line":82,"column":5}},{"start":{},"end":{}}],"line":79},"1":{"loc":{"start":{"line":84,"column":4},"end":{"line":114,"column":5}},"type":"if","locations":[{"start":{"line":84,"column":4},"end":{"line":114,"column":5}},{"start":{"line":93,"column":9},"end":{"line":114,"column":5}}],"line":84},"2":{"loc":{"start":{"line":93,"column":9},"end":{"line":114,"column":5}},"type":"if","locations":[{"start":{"line":93,"column":9},"end":{"line":114,"column":5}},{"start":{"line":106,"column":4},"end":{"line":114,"column":5}}],"line":93},"3":{"loc":{"start":{"line":93,"column":12},"end":{"line":93,"column":68}},"type":"binary-expr","locations":[{"start":{"line":93,"column":12},"end":{"line":93,"column":39}},{"start":{"line":93,"column":43},"end":{"line":93,"column":68}}],"line":93}},"s":{"0":3,"1":12,"2":11,"3":11,"4":5,"5":11,"6":1,"7":1,"8":0,"9":10,"10":1,"11":1,"12":9,"13":11},"f":{"0":12,"1":0},"b":{"0":[5,6],"1":[1,10],"2":[1,9],"3":[10,10]},"_coverageSchema":"1a1c01bbd47fc00a2c39e90264f33305004495a9","hash":"e43c6e56628292ae4d36d2b8df29d8e5624a8ea9"}
,"/home/imrans/Git Repos/Assignment-Blinkist/src/components/molecules/BookDetailsTab/index.tsx": {"path":"/home/imrans/Git Repos/Assignment-Blinkist/src/components/molecules/BookDetailsTab/index.tsx","statementMap":{"0":{"start":{"line":4,"column":18},"end":{"line":30,"column":1}},"1":{"start":{"line":32,"column":23},"end":{"line":59,"column":1}},"2":{"start":{"line":34,"column":42},"end":{"line":34,"column":53}},"3":{"start":{"line":36,"column":25},"end":{"line":38,"column":5}},"4":{"start":{"line":37,"column":8},"end":{"line":37,"column":33}},"5":{"start":{"line":40,"column":4},"end":{"line":58,"column":5}}},"fnMap":{"0":{"name":"(anonymous_0)","decl":{"start":{"line":32,"column":23},"end":{"line":32,"column":24}},"loc":{"start":{"line":32,"column":29},"end":{"line":59,"column":1}},"line":32},"1":{"name":"(anonymous_1)","decl":{"start":{"line":36,"column":25},"end":{"line":36,"column":26}},"loc":{"start":{"line":36,"column":54},"end":{"line":38,"column":5}},"line":36}},"branchMap":{"0":{"loc":{"start":{"line":44,"column":42},"end":{"line":44,"column":103}},"type":"cond-expr","locations":[{"start":{"line":44,"column":60},"end":{"line":44,"column":79}},{"start":{"line":44,"column":82},"end":{"line":44,"column":103}}],"line":44},"1":{"loc":{"start":{"line":45,"column":48},"end":{"line":45,"column":109}},"type":"cond-expr","locations":[{"start":{"line":45,"column":66},"end":{"line":45,"column":85}},{"start":{"line":45,"column":88},"end":{"line":45,"column":109}}],"line":45},"2":{"loc":{"start":{"line":46,"column":50},"end":{"line":46,"column":111}},"type":"cond-expr","locations":[{"start":{"line":46,"column":68},"end":{"line":46,"column":87}},{"start":{"line":46,"column":90},"end":{"line":46,"column":111}}],"line":46},"3":{"loc":{"start":{"line":50,"column":9},"end":{"line":53,"column":25}},"type":"binary-expr","locations":[{"start":{"line":50,"column":9},"end":{"line":50,"column":26}},{"start":{"line":51,"column":12},"end":{"line":53,"column":25}}],"line":50},"4":{"loc":{"start":{"line":55,"column":9},"end":{"line":55,"column":56}},"type":"binary-expr","locations":[{"start":{"line":55,"column":9},"end":{"line":55,"column":26}},{"start":{"line":55,"column":30},"end":{"line":55,"column":56}}],"line":55},"5":{"loc":{"start":{"line":56,"column":9},"end":{"line":56,"column":59}},"type":"binary-expr","locations":[{"start":{"line":56,"column":9},"end":{"line":56,"column":26}},{"start":{"line":56,"column":30},"end":{"line":56,"column":59}}],"line":56}},"s":{"0":3,"1":3,"2":1,"3":1,"4":0,"5":1},"f":{"0":1,"1":0},"b":{"0":[1,0],"1":[0,1],"2":[0,1],"3":[1,1],"4":[1,0],"5":[1,0]},"_coverageSchema":"1a1c01bbd47fc00a2c39e90264f33305004495a9","hash":"d1a4c4c5d2b7946039a2a8e8426cabebbb9274ec"}
,"/home/imrans/Git Repos/Assignment-Blinkist/src/components/molecules/Explore/ExploreBar/index.tsx": {"path":"/home/imrans/Git Repos/Assignment-Blinkist/src/components/molecules/Explore/ExploreBar/index.tsx","statementMap":{"0":{"start":{"line":4,"column":15},"end":{"line":27,"column":1}},"1":{"start":{"line":35,"column":36},"end":{"line":35,"column":49}},"2":{"start":{"line":37,"column":20},"end":{"line":40,"column":1}},"3":{"start":{"line":38,"column":4},"end":{"line":38,"column":32}},"4":{"start":{"line":39,"column":4},"end":{"line":39,"column":31}},"5":{"start":{"line":42,"column":4},"end":{"line":50,"column":5}}},"fnMap":{"0":{"name":"ExploreBar","decl":{"start":{"line":33,"column":9},"end":{"line":33,"column":19}},"loc":{"start":{"line":33,"column":36},"end":{"line":51,"column":1}},"line":33},"1":{"name":"(anonymous_1)","decl":{"start":{"line":37,"column":20},"end":{"line":37,"column":21}},"loc":{"start":{"line":37,"column":35},"end":{"line":40,"column":1}},"line":37}},"branchMap":{"0":{"loc":{"start":{"line":45,"column":71},"end":{"line":45,"column":123}},"type":"cond-expr","locations":[{"start":{"line":45,"column":88},"end":{"line":45,"column":103}},{"start":{"line":45,"column":106},"end":{"line":45,"column":123}}],"line":45},"1":{"loc":{"start":{"line":46,"column":71},"end":{"line":46,"column":123}},"type":"cond-expr","locations":[{"start":{"line":46,"column":88},"end":{"line":46,"column":103}},{"start":{"line":46,"column":106},"end":{"line":46,"column":123}}],"line":46},"2":{"loc":{"start":{"line":47,"column":71},"end":{"line":47,"column":123}},"type":"cond-expr","locations":[{"start":{"line":47,"column":88},"end":{"line":47,"column":103}},{"start":{"line":47,"column":106},"end":{"line":47,"column":123}}],"line":47}},"s":{"0":3,"1":1,"2":1,"3":0,"4":0,"5":1},"f":{"0":1,"1":0},"b":{"0":[1,0],"1":[0,1],"2":[0,1]},"_coverageSchema":"1a1c01bbd47fc00a2c39e90264f33305004495a9","hash":"0acad478fcfeaf1499ebaff2785dcebf87cb8bc3"}
,"/home/imrans/Git Repos/Assignment-Blinkist/src/components/molecules/Explore/ExploreItem/index.tsx": {"path":"/home/imrans/Git Repos/Assignment-Blinkist/src/components/molecules/Explore/ExploreItem/index.tsx","statementMap":{"0":{"start":{"line":5,"column":23},"end":{"line":20,"column":1}},"1":{"start":{"line":28,"column":20},"end":{"line":36,"column":1}},"2":{"start":{"line":29,"column":4},"end":{"line":35,"column":5}}},"fnMap":{"0":{"name":"(anonymous_0)","decl":{"start":{"line":28,"column":20},"end":{"line":28,"column":21}},"loc":{"start":{"line":28,"column":45},"end":{"line":36,"column":1}},"line":28}},"branchMap":{},"s":{"0":3,"1":3,"2":19},"f":{"0":19},"b":{},"_coverageSchema":"1a1c01bbd47fc00a2c39e90264f33305004495a9","hash":"b2d3845b6ba0fbbeb4ac200afbae02a13a1866dc"}
,"/home/imrans/Git Repos/Assignment-Blinkist/src/components/molecules/Explore/ExploreList/index.tsx": {"path":"/home/imrans/Git Repos/Assignment-Blinkist/src/components/molecules/Explore/ExploreList/index.tsx","statementMap":{"0":{"start":{"line":25,"column":20},"end":{"line":56,"column":1}},"1":{"start":{"line":27,"column":20},"end":{"line":27,"column":33}},"2":{"start":{"line":28,"column":20},"end":{"line":28,"column":43}},"3":{"start":{"line":30,"column":4},"end":{"line":30,"column":30}},"4":{"start":{"line":30,"column":19},"end":{"line":30,"column":30}},"5":{"start":{"line":32,"column":4},"end":{"line":55,"column":5}},"6":{"start":{"line":35,"column":103},"end":{"line":35,"column":133}},"7":{"start":{"line":35,"column":134},"end":{"line":35,"column":143}}},"fnMap":{"0":{"name":"(anonymous_0)","decl":{"start":{"line":25,"column":20},"end":{"line":25,"column":21}},"loc":{"start":{"line":25,"column":36},"end":{"line":56,"column":1}},"line":25},"1":{"name":"(anonymous_1)","decl":{"start":{"line":35,"column":98},"end":{"line":35,"column":99}},"loc":{"start":{"line":35,"column":102},"end":{"line":35,"column":144}},"line":35}},"branchMap":{"0":{"loc":{"start":{"line":30,"column":4},"end":{"line":30,"column":30}},"type":"if","locations":[{"start":{"line":30,"column":4},"end":{"line":30,"column":30}},{"start":{},"end":{}}],"line":30}},"s":{"0":2,"1":2,"2":2,"3":2,"4":1,"5":1,"6":0,"7":0},"f":{"0":2,"1":0},"b":{"0":[1,1]},"_coverageSchema":"1a1c01bbd47fc00a2c39e90264f33305004495a9","hash":"45951d92d0aa98596016b409685062f058995376"}
,"/home/imrans/Git Repos/Assignment-Blinkist/src/components/molecules/FooterFrame/index.tsx": {"path":"/home/imrans/Git Repos/Assignment-Blinkist/src/components/molecules/FooterFrame/index.tsx","statementMap":{"0":{"start":{"line":7,"column":18},"end":{"line":26,"column":1}},"1":{"start":{"line":29,"column":4},"end":{"line":45,"column":5}}},"fnMap":{"0":{"name":"FooterFrame","decl":{"start":{"line":28,"column":9},"end":{"line":28,"column":20}},"loc":{"start":{"line":28,"column":23},"end":{"line":46,"column":1}},"line":28}},"branchMap":{},"s":{"0":2,"1":1},"f":{"0":1},"b":{},"_coverageSchema":"1a1c01bbd47fc00a2c39e90264f33305004495a9","hash":"6e0ac8dd6540af3297daf32926bdc36b15ae1ebd"}
,"/home/imrans/Git Repos/Assignment-Blinkist/src/components/molecules/NavItem/index.tsx": {"path":"/home/imrans/Git Repos/Assignment-Blinkist/src/components/molecules/NavItem/index.tsx","statementMap":{"0":{"start":{"line":6,"column":18},"end":{"line":23,"column":1}},"1":{"start":{"line":32,"column":31},"end":{"line":32,"column":46}},"2":{"start":{"line":34,"column":26},"end":{"line":36,"column":5}},"3":{"start":{"line":35,"column":8},"end":{"line":35,"column":25}},"4":{"start":{"line":38,"column":4},"end":{"line":38,"column":34}},"5":{"start":{"line":41,"column":4},"end":{"line":56,"column":5}},"6":{"start":{"line":42,"column":8},"end":{"line":55,"column":9}},"7":{"start":{"line":43,"column":12},"end":{"line":47,"column":14}},"8":{"start":{"line":50,"column":12},"end":{"line":54,"column":14}},"9":{"start":{"line":57,"column":4},"end":{"line":68,"column":5}}},"fnMap":{"0":{"name":"NavItem","decl":{"start":{"line":30,"column":9},"end":{"line":30,"column":16}},"loc":{"start":{"line":30,"column":34},"end":{"line":69,"column":1}},"line":30},"1":{"name":"(anonymous_1)","decl":{"start":{"line":34,"column":26},"end":{"line":34,"column":27}},"loc":{"start":{"line":34,"column":30},"end":{"line":36,"column":5}},"line":34}},"branchMap":{"0":{"loc":{"start":{"line":41,"column":4},"end":{"line":56,"column":5}},"type":"if","locations":[{"start":{"line":41,"column":4},"end":{"line":56,"column":5}},{"start":{},"end":{}}],"line":41},"1":{"loc":{"start":{"line":42,"column":8},"end":{"line":55,"column":9}},"type":"if","locations":[{"start":{"line":42,"column":8},"end":{"line":55,"column":9}},{"start":{"line":49,"column":13},"end":{"line":55,"column":9}}],"line":42}},"s":{"0":2,"1":4,"2":4,"3":0,"4":4,"5":4,"6":0,"7":0,"8":0,"9":4},"f":{"0":4,"1":0},"b":{"0":[0,4],"1":[0,0]},"_coverageSchema":"1a1c01bbd47fc00a2c39e90264f33305004495a9","hash":"15c2fbf4cd7d336022def1ea25daf60dd8126090"}
,"/home/imrans/Git Repos/Assignment-Blinkist/src/components/molecules/NavSection/index.tsx": {"path":"/home/imrans/Git Repos/Assignment-Blinkist/src/components/molecules/NavSection/index.tsx","statementMap":{"0":{"start":{"line":7,"column":4},"end":{"line":34,"column":5}}},"fnMap":{"0":{"name":"NavSection","decl":{"start":{"line":6,"column":9},"end":{"line":6,"column":19}},"loc":{"start":{"line":6,"column":22},"end":{"line":35,"column":1}},"line":6}},"branchMap":{},"s":{"0":1},"f":{"0":1},"b":{},"_coverageSchema":"1a1c01bbd47fc00a2c39e90264f33305004495a9","hash":"c8a155dded6211146ed6d7b213cee8f07a4264f1"}
,"/home/imrans/Git Repos/Assignment-Blinkist/src/components/molecules/PeopleRead/index.tsx": {"path":"/home/imrans/Git Repos/Assignment-Blinkist/src/components/molecules/PeopleRead/index.tsx","statementMap":{"0":{"start":{"line":6,"column":18},"end":{"line":16,"column":1}},"1":{"start":{"line":23,"column":4},"end":{"line":34,"column":5}}},"fnMap":{"0":{"name":"PeopleRead","decl":{"start":{"line":22,"column":9},"end":{"line":22,"column":19}},"loc":{"start":{"line":22,"column":39},"end":{"line":35,"column":1}},"line":22}},"branchMap":{},"s":{"0":3,"1":5},"f":{"0":5},"b":{},"_coverageSchema":"1a1c01bbd47fc00a2c39e90264f33305004495a9","hash":"bb0f43ddbf2847d7e83ead1e024d99d4897e5bdb"}
,"/home/imrans/Git Repos/Assignment-Blinkist/src/components/molecules/TabPanel/index.tsx": {"path":"/home/imrans/Git Repos/Assignment-Blinkist/src/components/molecules/TabPanel/index.tsx","statementMap":{"0":{"start":{"line":10,"column":17},"end":{"line":26,"column":1}},"1":{"start":{"line":12,"column":4},"end":{"line":15,"column":31}},"2":{"start":{"line":13,"column":8},"end":{"line":13,"column":32}},"3":{"start":{"line":15,"column":8},"end":{"line":15,"column":31}},"4":{"start":{"line":16,"column":4},"end":{"line":25,"column":5}},"5":{"start":{"line":20,"column":20},"end":{"line":20,"column":181}},"6":{"start":{"line":20,"column":164},"end":{"line":20,"column":177}}},"fnMap":{"0":{"name":"(anonymous_0)","decl":{"start":{"line":10,"column":17},"end":{"line":10,"column":18}},"loc":{"start":{"line":10,"column":38},"end":{"line":26,"column":1}},"line":10},"1":{"name":"(anonymous_1)","decl":{"start":{"line":19,"column":27},"end":{"line":19,"column":28}},"loc":{"start":{"line":20,"column":20},"end":{"line":20,"column":181}},"line":20},"2":{"name":"(anonymous_2)","decl":{"start":{"line":20,"column":159},"end":{"line":20,"column":160}},"loc":{"start":{"line":20,"column":163},"end":{"line":20,"column":178}},"line":20}},"branchMap":{"0":{"loc":{"start":{"line":12,"column":4},"end":{"line":15,"column":31}},"type":"if","locations":[{"start":{"line":12,"column":4},"end":{"line":15,"column":31}},{"start":{"line":15,"column":8},"end":{"line":15,"column":31}}],"line":12}},"s":{"0":2,"1":2,"2":1,"3":0,"4":1,"5":9,"6":0},"f":{"0":2,"1":9,"2":0},"b":{"0":[1,0]},"_coverageSchema":"1a1c01bbd47fc00a2c39e90264f33305004495a9","hash":"f7280504b5132d0faecaea45ff83ec679ab6c04f"}
,"/home/imrans/Git Repos/Assignment-Blinkist/src/components/molecules/TabsBar/index.tsx": {"path":"/home/imrans/Git Repos/Assignment-Blinkist/src/components/molecules/TabsBar/index.tsx","statementMap":{"0":{"start":{"line":5,"column":18},"end":{"line":26,"column":1}},"1":{"start":{"line":28,"column":16},"end":{"line":50,"column":1}},"2":{"start":{"line":30,"column":42},"end":{"line":30,"column":53}},"3":{"start":{"line":31,"column":25},"end":{"line":31,"column":40}},"4":{"start":{"line":33,"column":25},"end":{"line":36,"column":5}},"5":{"start":{"line":34,"column":8},"end":{"line":34,"column":33}},"6":{"start":{"line":35,"column":8},"end":{"line":35,"column":23}},"7":{"start":{"line":38,"column":4},"end":{"line":49,"column":5}}},"fnMap":{"0":{"name":"(anonymous_0)","decl":{"start":{"line":28,"column":16},"end":{"line":28,"column":17}},"loc":{"start":{"line":28,"column":22},"end":{"line":50,"column":1}},"line":28},"1":{"name":"(anonymous_1)","decl":{"start":{"line":33,"column":25},"end":{"line":33,"column":26}},"loc":{"start":{"line":33,"column":54},"end":{"line":36,"column":5}},"line":33}},"branchMap":{"0":{"loc":{"start":{"line":42,"column":51},"end":{"line":42,"column":108}},"type":"cond-expr","locations":[{"start":{"line":42,"column":65},"end":{"line":42,"column":84}},{"start":{"line":42,"column":87},"end":{"line":42,"column":108}}],"line":42},"1":{"loc":{"start":{"line":43,"column":42},"end":{"line":43,"column":100}},"type":"cond-expr","locations":[{"start":{"line":43,"column":57},"end":{"line":43,"column":76}},{"start":{"line":43,"column":79},"end":{"line":43,"column":100}}],"line":43}},"s":{"0":2,"1":2,"2":2,"3":1,"4":1,"5":0,"6":0,"7":1},"f":{"0":2,"1":0},"b":{"0":[0,1],"1":[1,0]},"_coverageSchema":"1a1c01bbd47fc00a2c39e90264f33305004495a9","hash":"f49dd91f53b8d69dfb27158bd16e4c9916dc23c4"}
,"/home/imrans/Git Repos/Assignment-Blinkist/src/components/molecules/TimeRead/index.tsx": {"path":"/home/imrans/Git Repos/Assignment-Blinkist/src/components/molecules/TimeRead/index.tsx","statementMap":{"0":{"start":{"line":6,"column":18},"end":{"line":17,"column":1}},"1":{"start":{"line":26,"column":43},"end":{"line":26,"column":48}},"2":{"start":{"line":27,"column":4},"end":{"line":38,"column":5}}},"fnMap":{"0":{"name":"TimeRead","decl":{"start":{"line":25,"column":9},"end":{"line":25,"column":17}},"loc":{"start":{"line":25,"column":35},"end":{"line":39,"column":1}},"line":25}},"branchMap":{"0":{"loc":{"start":{"line":26,"column":11},"end":{"line":26,"column":24}},"type":"default-arg","locations":[{"start":{"line":26,"column":17},"end":{"line":26,"column":24}}],"line":26},"1":{"loc":{"start":{"line":26,"column":26},"end":{"line":26,"column":39}},"type":"default-arg","locations":[{"start":{"line":26,"column":33},"end":{"line":26,"column":39}}],"line":26}},"s":{"0":3,"1":11,"2":11},"f":{"0":11},"b":{"0":[0],"1":[0]},"_coverageSchema":"1a1c01bbd47fc00a2c39e90264f33305004495a9","hash":"5e2b702fb4ba34cdc6e2e6c621f6b92f44db274b"}
,"/home/imrans/Git Repos/Assignment-Blinkist/src/components/organisms/BookInfo/index.tsx": {"path":"/home/imrans/Git Repos/Assignment-Blinkist/src/components/organisms/BookInfo/index.tsx","statementMap":{"0":{"start":{"line":12,"column":17},"end":{"line":81,"column":1}},"1":{"start":{"line":14,"column":20},"end":{"line":14,"column":31}},"2":{"start":{"line":15,"column":22},"end":{"line":15,"column":35}},"3":{"start":{"line":17,"column":18},"end":{"line":24,"column":5}},"4":{"start":{"line":18,"column":8},"end":{"line":18,"column":66}},"5":{"start":{"line":18,"column":45},"end":{"line":18,"column":65}},"6":{"start":{"line":19,"column":8},"end":{"line":19,"column":34}},"7":{"start":{"line":20,"column":22},"end":{"line":20,"column":52}},"8":{"start":{"line":21,"column":8},"end":{"line":21,"column":40}},"9":{"start":{"line":22,"column":8},"end":{"line":22,"column":34}},"10":{"start":{"line":23,"column":8},"end":{"line":23,"column":22}},"11":{"start":{"line":25,"column":4},"end":{"line":25,"column":21}},"12":{"start":{"line":27,"column":4},"end":{"line":80,"column":5}}},"fnMap":{"0":{"name":"(anonymous_0)","decl":{"start":{"line":12,"column":17},"end":{"line":12,"column":18}},"loc":{"start":{"line":12,"column":23},"end":{"line":81,"column":1}},"line":12},"1":{"name":"(anonymous_1)","decl":{"start":{"line":17,"column":18},"end":{"line":17,"column":19}},"loc":{"start":{"line":17,"column":24},"end":{"line":24,"column":5}},"line":17},"2":{"name":"(anonymous_2)","decl":{"start":{"line":18,"column":37},"end":{"line":18,"column":38}},"loc":{"start":{"line":18,"column":45},"end":{"line":18,"column":65}},"line":18}},"branchMap":{},"s":{"0":2,"1":0,"2":0,"3":0,"4":0,"5":0,"6":0,"7":0,"8":0,"9":0,"10":0,"11":0,"12":0},"f":{"0":0,"1":0,"2":0},"b":{},"_coverageSchema":"1a1c01bbd47fc00a2c39e90264f33305004495a9","hash":"df3ef2b0f0d2bec1bceed71c374f4a2d99fa9e31"}
,"/home/imrans/Git Repos/Assignment-Blinkist/src/components/organisms/ExploreMenu/index.tsx": {"path":"/home/imrans/Git Repos/Assignment-Blinkist/src/components/organisms/ExploreMenu/index.tsx","statementMap":{"0":{"start":{"line":6,"column":15},"end":{"line":52,"column":1}},"1":{"start":{"line":54,"column":20},"end":{"line":80,"column":1}},"2":{"start":{"line":56,"column":30},"end":{"line":56,"column":43}},"3":{"start":{"line":58,"column":22},"end":{"line":60,"column":5}},"4":{"start":{"line":59,"column":8},"end":{"line":59,"column":21}},"5":{"start":{"line":62,"column":4},"end":{"line":62,"column":25}},"6":{"start":{"line":62,"column":14},"end":{"line":62,"column":25}},"7":{"start":{"line":64,"column":4},"end":{"line":79,"column":5}}},"fnMap":{"0":{"name":"(anonymous_0)","decl":{"start":{"line":54,"column":20},"end":{"line":54,"column":21}},"loc":{"start":{"line":54,"column":36},"end":{"line":80,"column":1}},"line":54},"1":{"name":"(anonymous_1)","decl":{"start":{"line":58,"column":22},"end":{"line":58,"column":23}},"loc":{"start":{"line":58,"column":38},"end":{"line":60,"column":5}},"line":58}},"branchMap":{"0":{"loc":{"start":{"line":62,"column":4},"end":{"line":62,"column":25}},"type":"if","locations":[{"start":{"line":62,"column":4},"end":{"line":62,"column":25}},{"start":{},"end":{}}],"line":62}},"s":{"0":2,"1":2,"2":1,"3":1,"4":0,"5":1,"6":1,"7":0},"f":{"0":1,"1":0},"b":{"0":[1,0]},"_coverageSchema":"1a1c01bbd47fc00a2c39e90264f33305004495a9","hash":"62bcf59af53d0434019c1a20efdf9837e21c0835"}
,"/home/imrans/Git Repos/Assignment-Blinkist/src/components/organisms/Footer/index.tsx": {"path":"/home/imrans/Git Repos/Assignment-Blinkist/src/components/organisms/Footer/index.tsx","statementMap":{"0":{"start":{"line":5,"column":18},"end":{"line":36,"column":1}},"1":{"start":{"line":38,"column":15},"end":{"line":53,"column":1}},"2":{"start":{"line":39,"column":4},"end":{"line":52,"column":5}}},"fnMap":{"0":{"name":"(anonymous_0)","decl":{"start":{"line":38,"column":15},"end":{"line":38,"column":16}},"loc":{"start":{"line":38,"column":21},"end":{"line":53,"column":1}},"line":38}},"branchMap":{},"s":{"0":2,"1":2,"2":1},"f":{"0":1},"b":{},"_coverageSchema":"1a1c01bbd47fc00a2c39e90264f33305004495a9","hash":"4fc5da9823d9b268fe1794a3fced3bab59c39911"}
,"/home/imrans/Git Repos/Assignment-Blinkist/src/components/organisms/Header/index.tsx": {"path":"/home/imrans/Git Repos/Assignment-Blinkist/src/components/organisms/Header/index.tsx","statementMap":{"0":{"start":{"line":11,"column":18},"end":{"line":18,"column":1}},"1":{"start":{"line":21,"column":4},"end":{"line":41,"column":5}}},"fnMap":{"0":{"name":"Header","decl":{"start":{"line":20,"column":9},"end":{"line":20,"column":15}},"loc":{"start":{"line":20,"column":18},"end":{"line":42,"column":1}},"line":20}},"branchMap":{},"s":{"0":2,"1":1},"f":{"0":1},"b":{},"_coverageSchema":"1a1c01bbd47fc00a2c39e90264f33305004495a9","hash":"0ae455a67e5dfddae4ba55898c83fafa4839f7a8"}
,"/home/imrans/Git Repos/Assignment-Blinkist/src/components/organisms/SearchBar/index.tsx": {"path":"/home/imrans/Git Repos/Assignment-Blinkist/src/components/organisms/SearchBar/index.tsx","statementMap":{"0":{"start":{"line":6,"column":18},"end":{"line":38,"column":1}},"1":{"start":{"line":7,"column":4},"end":{"line":37,"column":5}}},"fnMap":{"0":{"name":"(anonymous_0)","decl":{"start":{"line":6,"column":18},"end":{"line":6,"column":19}},"loc":{"start":{"line":6,"column":24},"end":{"line":38,"column":1}},"line":6}},"branchMap":{},"s":{"0":2,"1":0},"f":{"0":0},"b":{},"_coverageSchema":"1a1c01bbd47fc00a2c39e90264f33305004495a9","hash":"b91a9b6b89f1be65a9d22d487f01e756cb25fe8d"}
,"/home/imrans/Git Repos/Assignment-Blinkist/src/pages/BookDetailsPage/index.tsx": {"path":"/home/imrans/Git Repos/Assignment-Blinkist/src/pages/BookDetailsPage/index.tsx","statementMap":{"0":{"start":{"line":6,"column":24},"end":{"line":31,"column":1}},"1":{"start":{"line":8,"column":4},"end":{"line":30,"column":5}}},"fnMap":{"0":{"name":"(anonymous_0)","decl":{"start":{"line":6,"column":24},"end":{"line":6,"column":25}},"loc":{"start":{"line":6,"column":30},"end":{"line":31,"column":1}},"line":6}},"branchMap":{},"s":{"0":2,"1":0},"f":{"0":0},"b":{},"_coverageSchema":"1a1c01bbd47fc00a2c39e90264f33305004495a9","hash":"a5f17c44c6189e2d0bd23b6a666a3ca45dd4bb54"}
,"/home/imrans/Git Repos/Assignment-Blinkist/src/pages/EntrepreneurshipPage/index.tsx": {"path":"/home/imrans/Git Repos/Assignment-Blinkist/src/pages/EntrepreneurshipPage/index.tsx","statementMap":{"0":{"start":{"line":7,"column":15},"end":{"line":19,"column":1}},"1":{"start":{"line":21,"column":29},"end":{"line":35,"column":1}},"2":{"start":{"line":22,"column":4},"end":{"line":34,"column":5}}},"fnMap":{"0":{"name":"(anonymous_0)","decl":{"start":{"line":21,"column":29},"end":{"line":21,"column":30}},"loc":{"start":{"line":21,"column":35},"end":{"line":35,"column":1}},"line":21}},"branchMap":{},"s":{"0":2,"1":2,"2":0},"f":{"0":0},"b":{},"_coverageSchema":"1a1c01bbd47fc00a2c39e90264f33305004495a9","hash":"603461929093ce95c7d32a7444627f0b4704afd5"}
,"/home/imrans/Git Repos/Assignment-Blinkist/src/pages/LandingPage/index.tsx": {"path":"/home/imrans/Git Repos/Assignment-Blinkist/src/pages/LandingPage/index.tsx","statementMap":{"0":{"start":{"line":5,"column":15},"end":{"line":16,"column":1}},"1":{"start":{"line":18,"column":20},"end":{"line":31,"column":1}},"2":{"start":{"line":19,"column":4},"end":{"line":30,"column":5}}},"fnMap":{"0":{"name":"(anonymous_0)","decl":{"start":{"line":18,"column":20},"end":{"line":18,"column":21}},"loc":{"start":{"line":18,"column":26},"end":{"line":31,"column":1}},"line":18}},"branchMap":{},"s":{"0":2,"1":2,"2":2},"f":{"0":2},"b":{},"_coverageSchema":"1a1c01bbd47fc00a2c39e90264f33305004495a9","hash":"b3c21190ec72af861827b5af1324ba82c7fb3e9e"}
,"/home/imrans/Git Repos/Assignment-Blinkist/src/themes/Theme.tsx": {"path":"/home/imrans/Git Repos/Assignment-Blinkist/src/themes/Theme.tsx","statementMap":{"0":{"start":{"line":3,"column":14},"end":{"line":91,"column":2}}},"fnMap":{},"branchMap":{},"s":{"0":2},"f":{},"b":{},"_coverageSchema":"1a1c01bbd47fc00a2c39e90264f33305004495a9","hash":"0e348d875427ffed05e948aadc23ff62dc75e3f6"}
}
