TN:
SF:src/App.tsx
FN:13,(anonymous_0)
FN:15,App
FN:19,(anonymous_2)
FNF:3
FNH:1
FNDA:0,(anonymous_0)
FNDA:2,App
FNDA:0,(anonymous_2)
DA:13,2
DA:17,2
DA:19,1
DA:20,0
DA:23,1
LF:5
LH:4
BRF:0
BRH:0
end_of_record
TN:
SF:src/db.tsx
FNF:0
FNH:0
DA:22,2
DA:99,2
DA:119,2
DA:175,2
DA:209,2
LF:5
LH:5
BRF:0
BRH:0
end_of_record
TN:
SF:src/components/atoms/Avatar/index.tsx
FN:14,(anonymous_0)
FNF:1
FNH:1
FNDA:1,(anonymous_0)
DA:4,4
DA:14,4
DA:15,1
LF:3
LH:3
BRF:0
BRH:0
end_of_record
TN:
SF:src/components/atoms/Buttons/ExploreButton/index.tsx
FN:25,(anonymous_0)
FN:31,(anonymous_1)
FNF:2
FNH:1
FNDA:3,(anonymous_0)
FNDA:0,(anonymous_1)
DA:7,2
DA:25,2
DA:27,3
DA:29,2
DA:31,2
DA:32,0
DA:33,0
DA:39,2
DA:41,0
DA:42,0
DA:47,2
DA:48,0
DA:51,0
LF:13
LH:7
BRDA:39,0,0,0
BRDA:39,0,1,2
BRF:2
BRH:1
end_of_record
TN:
SF:src/components/atoms/Buttons/FinishedButton/index.tsx
FN:23,(anonymous_0)
FNF:1
FNH:0
FNDA:0,(anonymous_0)
DA:5,2
DA:23,2
DA:25,0
LF:3
LH:2
BRF:0
BRH:0
end_of_record
TN:
SF:src/components/atoms/Buttons/KindleButton/index.tsx
FN:16,(anonymous_0)
FNF:1
FNH:0
FNDA:0,(anonymous_0)
DA:5,2
DA:16,2
DA:17,0
LF:3
LH:2
BRF:0
BRH:0
end_of_record
TN:
SF:src/components/atoms/Buttons/ReadNowButton/index.tsx
FN:16,(anonymous_0)
FNF:1
FNH:0
FNDA:0,(anonymous_0)
DA:4,2
DA:16,2
DA:17,0
LF:3
LH:2
BRF:0
BRH:0
end_of_record
TN:
SF:src/components/atoms/FooterItem/index.tsx
FN:14,FooterItem
FNF:1
FNH:0
FNDA:0,FooterItem
DA:3,2
DA:15,0
LF:2
LH:1
BRF:0
BRH:0
end_of_record
TN:
SF:src/components/atoms/Icon/index.tsx
FN:9,Icon
FNF:1
FNH:1
FNDA:1,Icon
DA:10,1
LF:1
LH:1
BRF:0
BRH:0
end_of_record
TN:
SF:src/components/atoms/Image/index.tsx
FN:9,Image
FNF:1
FNH:1
FNDA:1,Image
DA:10,1
LF:1
LH:1
BRF:0
BRH:0
end_of_record
TN:
SF:src/components/molecules/AvatarNavItem/index.tsx
FN:26,(anonymous_0)
FNF:1
FNH:1
FNDA:3,(anonymous_0)
DA:5,3
DA:26,3
DA:27,3
LF:3
LH:3
BRF:0
BRH:0
end_of_record
TN:
SF:src/components/molecules/Banner/index.tsx
FN:27,(anonymous_0)
FNF:1
FNH:0
FNDA:0,(anonymous_0)
DA:5,3
DA:27,3
DA:28,0
LF:3
LH:2
BRF:0
BRH:0
end_of_record
TN:
SF:src/components/molecules/Blinks/index.tsx
FN:12,(anonymous_0)
FN:19,(anonymous_1)
FN:25,(anonymous_2)
FN:31,(anonymous_3)
FNF:4
FNH:0
FNDA:0,(anonymous_0)
FNDA:0,(anonymous_1)
FNDA:0,(anonymous_2)
FNDA:0,(anonymous_3)
DA:6,2
DA:12,2
DA:13,0
DA:14,0
DA:15,0
DA:17,0
DA:19,0
DA:20,0
DA:23,0
DA:26,0
DA:32,0
LF:11
LH:2
BRF:0
BRH:0
end_of_record
TN:
SF:src/components/molecules/BookCard/index.tsx
FN:73,BookCard
FN:87,(anonymous_1)
FNF:2
FNH:0
FNDA:0,BookCard
FNDA:0,(anonymous_1)
DA:9,3
DA:74,0
DA:77,0
DA:78,0
DA:80,0
DA:83,0
DA:85,0
DA:86,0
DA:87,0
DA:92,0
DA:94,0
DA:95,0
DA:106,0
DA:115,0
LF:14
LH:1
BRDA:78,0,0,0
BRDA:78,0,1,0
BRDA:83,1,0,0
BRDA:83,1,1,0
BRDA:92,2,0,0
BRDA:92,2,1,0
BRDA:92,3,0,0
BRDA:92,3,1,0
BRF:8
BRH:0
end_of_record
TN:
SF:src/components/molecules/BookDetailsTab/index.tsx
FN:32,(anonymous_0)
FN:36,(anonymous_1)
FNF:2
FNH:0
FNDA:0,(anonymous_0)
FNDA:0,(anonymous_1)
DA:4,3
DA:32,3
DA:34,0
DA:36,0
DA:37,0
DA:40,0
LF:6
LH:2
BRDA:44,0,0,0
BRDA:44,0,1,0
BRDA:45,1,0,0
BRDA:45,1,1,0
BRDA:46,2,0,0
BRDA:46,2,1,0
BRDA:50,3,0,0
BRDA:50,3,1,0
BRDA:55,4,0,0
BRDA:55,4,1,0
BRDA:56,5,0,0
BRDA:56,5,1,0
BRF:12
BRH:0
end_of_record
TN:
SF:src/components/molecules/Explore/ExploreBar/index.tsx
FN:33,ExploreBar
FN:37,(anonymous_1)
FNF:2
FNH:0
FNDA:0,ExploreBar
FNDA:0,(anonymous_1)
DA:4,3
DA:35,0
DA:37,0
DA:38,0
DA:39,0
DA:42,0
LF:6
LH:1
BRDA:45,0,0,0
BRDA:45,0,1,0
BRDA:46,1,0,0
BRDA:46,1,1,0
BRDA:47,2,0,0
BRDA:47,2,1,0
BRF:6
BRH:0
end_of_record
TN:
SF:src/components/molecules/Explore/ExploreItem/index.tsx
FN:27,(anonymous_0)
FNF:1
FNH:0
FNDA:0,(anonymous_0)
DA:4,3
DA:27,3
DA:28,0
LF:3
LH:2
BRF:0
BRH:0
end_of_record
TN:
SF:src/components/molecules/Explore/ExploreList/index.tsx
FN:25,(anonymous_0)
FN:35,(anonymous_1)
FNF:2
FNH:0
FNDA:0,(anonymous_0)
FNDA:0,(anonymous_1)
DA:25,2
DA:27,0
DA:28,0
DA:30,0
DA:32,0
DA:35,0
LF:6
LH:1
BRDA:30,0,0,0
BRDA:30,0,1,0
BRF:2
BRH:0
end_of_record
TN:
SF:src/components/molecules/FooterFrame/index.tsx
FN:27,FooterFrame
FNF:1
FNH:0
FNDA:0,FooterFrame
DA:6,2
DA:28,0
LF:2
LH:1
BRF:0
BRH:0
end_of_record
TN:
SF:src/components/molecules/NavItem/index.tsx
FN:30,NavItem
FN:34,(anonymous_1)
FNF:2
FNH:1
FNDA:1,NavItem
FNDA:0,(anonymous_1)
DA:6,2
DA:32,1
DA:34,1
DA:35,0
DA:38,1
DA:41,1
DA:42,0
DA:43,0
DA:50,0
DA:57,1
LF:10
LH:6
BRDA:41,0,0,0
BRDA:41,0,1,1
BRDA:42,1,0,0
BRDA:42,1,1,0
BRF:4
BRH:1
end_of_record
TN:
SF:src/components/molecules/NavSection/index.tsx
FN:5,NavSection
FNF:1
FNH:0
FNDA:0,NavSection
DA:6,0
LF:1
LH:0
BRF:0
BRH:0
end_of_record
TN:
SF:src/components/molecules/PeopleRead/index.tsx
FN:21,PeopleRead
FNF:1
FNH:0
FNDA:0,PeopleRead
DA:5,3
DA:22,0
LF:2
LH:1
BRF:0
BRH:0
end_of_record
TN:
SF:src/components/molecules/TabPanel/index.tsx
FN:9,(anonymous_0)
FN:18,(anonymous_1)
FN:19,(anonymous_2)
FNF:3
FNH:0
FNDA:0,(anonymous_0)
FNDA:0,(anonymous_1)
FNDA:0,(anonymous_2)
DA:9,2
DA:11,0
DA:12,0
DA:14,0
DA:15,0
DA:19,0
LF:6
LH:1
BRDA:11,0,0,0
BRDA:11,0,1,0
BRF:2
BRH:0
end_of_record
TN:
SF:src/components/molecules/TabsBar/index.tsx
FN:28,(anonymous_0)
FN:33,(anonymous_1)
FNF:2
FNH:0
FNDA:0,(anonymous_0)
FNDA:0,(anonymous_1)
DA:5,2
DA:28,2
DA:30,0
DA:31,0
DA:33,0
DA:34,0
DA:35,0
DA:38,0
LF:8
LH:2
BRDA:42,0,0,0
BRDA:42,0,1,0
BRDA:43,1,0,0
BRDA:43,1,1,0
BRF:4
BRH:0
end_of_record
TN:
SF:src/components/molecules/TimeRead/index.tsx
FN:24,TimeRead
FNF:1
FNH:0
FNDA:0,TimeRead
DA:5,3
DA:25,0
DA:26,0
LF:3
LH:1
BRDA:25,0,0,0
BRDA:25,1,0,0
BRF:2
BRH:0
end_of_record
TN:
SF:src/components/organisms/BookInfo/index.tsx
FN:12,(anonymous_0)
FN:17,(anonymous_1)
FN:18,(anonymous_2)
FNF:3
FNH:0
FNDA:0,(anonymous_0)
FNDA:0,(anonymous_1)
FNDA:0,(anonymous_2)
DA:12,2
DA:14,0
DA:15,0
DA:17,0
DA:18,0
DA:19,0
DA:20,0
DA:21,0
DA:22,0
DA:23,0
DA:25,0
DA:27,0
LF:12
LH:1
BRF:0
BRH:0
end_of_record
TN:
SF:src/components/organisms/ExploreMenu/index.tsx
FN:54,(anonymous_0)
FN:58,(anonymous_1)
FNF:2
FNH:1
FNDA:1,(anonymous_0)
FNDA:0,(anonymous_1)
DA:6,2
DA:54,2
DA:56,1
DA:58,1
DA:59,0
DA:62,1
DA:64,0
LF:7
LH:5
BRDA:62,0,0,1
BRDA:62,0,1,0
BRF:2
BRH:1
end_of_record
TN:
SF:src/components/organisms/Footer/index.tsx
FN:38,(anonymous_0)
FNF:1
FNH:1
FNDA:3,(anonymous_0)
DA:5,2
DA:38,2
DA:39,3
LF:3
LH:3
BRF:0
BRH:0
end_of_record
TN:
SF:src/components/organisms/Header/index.tsx
FN:21,Header
FNF:1
FNH:1
FNDA:2,Header
DA:12,2
DA:22,2
LF:2
LH:2
BRF:0
BRH:0
end_of_record
TN:
SF:src/components/organisms/SearchBar/index.tsx
FN:5,(anonymous_0)
FNF:1
FNH:0
FNDA:0,(anonymous_0)
DA:5,2
DA:6,0
LF:2
LH:1
BRF:0
BRH:0
end_of_record
TN:
SF:src/pages/BookDetailsPage/index.tsx
FN:7,(anonymous_0)
FNF:1
FNH:0
FNDA:0,(anonymous_0)
DA:7,2
DA:9,0
LF:2
LH:1
BRF:0
BRH:0
end_of_record
TN:
SF:src/pages/EntrepreneurshipPage/index.tsx
FN:20,(anonymous_0)
FNF:1
FNH:0
FNDA:0,(anonymous_0)
DA:6,2
DA:20,2
DA:21,0
LF:3
LH:2
BRF:0
BRH:0
end_of_record
TN:
SF:src/pages/LandingPage/index.tsx
FN:17,(anonymous_0)
FNF:1
FNH:1
FNDA:3,(anonymous_0)
DA:4,2
DA:17,2
DA:18,3
LF:3
LH:3
BRF:0
BRH:0
end_of_record
TN:
SF:src/themes/Theme.tsx
FNF:0
FNH:0
DA:3,2
LF:1
LH:1
BRF:0
BRH:0
end_of_record
