TN:
SF:src/App.tsx
FN:13,(anonymous_0)
FN:15,App
FN:19,(anonymous_2)
FNF:3
FNH:1
FNDA:0,(anonymous_0)
FNDA:1,App
FNDA:0,(anonymous_2)
DA:13,4
DA:17,1
DA:19,1
DA:20,0
DA:23,1
LF:5
LH:4
BRF:0
BRH:0
end_of_record
TN:
SF:src/db.tsx
FNF:0
FNH:0
DA:22,8
DA:99,8
DA:119,8
DA:175,8
DA:209,8
LF:5
LH:5
BRF:0
BRH:0
end_of_record
TN:
SF:src/components/atoms/Avatar/index.tsx
FN:14,(anonymous_0)
FNF:1
FNH:1
FNDA:3,(anonymous_0)
DA:4,6
DA:14,6
DA:15,3
LF:3
LH:3
BRF:0
BRH:0
end_of_record
TN:
SF:src/components/atoms/Buttons/index.tsx
FN:13,(anonymous_0)
FNF:1
FNH:1
FNDA:31,(anonymous_0)
DA:13,10
DA:14,31
LF:2
LH:2
BRF:0
BRH:0
end_of_record
TN:
SF:src/components/atoms/Icon/index.tsx
FN:9,Icon
FNF:1
FNH:1
FNDA:107,Icon
DA:10,107
LF:1
LH:1
BRF:0
BRH:0
end_of_record
TN:
SF:src/components/atoms/Image/index.tsx
FN:9,Image
FNF:1
FNH:1
FNDA:5,Image
DA:10,5
LF:1
LH:1
BRF:0
BRH:0
end_of_record
TN:
SF:src/components/atoms/NavItem/index.tsx
FN:30,NavItem
FNF:1
FNH:1
FNDA:51,NavItem
DA:4,6
DA:31,51
LF:2
LH:2
BRDA:33,0,0,11
BRDA:33,0,1,40
BRF:2
BRH:2
end_of_record
TN:
SF:src/components/atoms/Typography/index.tsx
FN:11,Text
FNF:1
FNH:1
FNDA:4,Text
DA:12,4
LF:1
LH:1
BRF:0
BRH:0
end_of_record
TN:
SF:src/components/molecules/AvatarNavItem/index.tsx
FN:27,(anonymous_0)
FNF:1
FNH:1
FNDA:2,(anonymous_0)
DA:6,5
DA:27,5
DA:28,2
LF:3
LH:3
BRF:0
BRH:0
end_of_record
TN:
SF:src/components/molecules/Banner/index.tsx
FN:28,(anonymous_0)
FNF:1
FNH:1
FNDA:1,(anonymous_0)
DA:6,5
DA:28,5
DA:29,1
LF:3
LH:3
BRF:0
BRH:0
end_of_record
TN:
SF:src/components/molecules/Blinks/index.tsx
FN:13,(anonymous_0)
FN:20,(anonymous_1)
FN:26,(anonymous_2)
FN:32,(anonymous_3)
FNF:4
FNH:3
FNDA:3,(anonymous_0)
FNDA:0,(anonymous_1)
FNDA:6,(anonymous_2)
FNDA:24,(anonymous_3)
DA:7,5
DA:13,5
DA:14,3
DA:15,3
DA:16,3
DA:18,3
DA:20,2
DA:21,0
DA:24,2
DA:27,6
DA:33,24
LF:11
LH:10
BRF:0
BRH:0
end_of_record
TN:
SF:src/components/molecules/BookCard/index.tsx
FN:75,BookCard
FN:89,(anonymous_1)
FNF:2
FNH:1
FNDA:44,BookCard
FNDA:0,(anonymous_1)
DA:11,7
DA:76,44
DA:79,44
DA:80,44
DA:82,21
DA:85,44
DA:87,21
DA:88,21
DA:89,0
DA:92,23
DA:94,1
DA:95,1
DA:106,22
DA:115,44
LF:14
LH:13
BRDA:80,0,0,21
BRDA:80,0,1,23
BRDA:85,1,0,21
BRDA:85,1,1,23
BRDA:92,2,0,1
BRDA:92,2,1,22
BRDA:92,3,0,23
BRDA:92,3,1,23
BRF:8
BRH:8
end_of_record
TN:
SF:src/components/molecules/BookDetailsTab/index.tsx
FN:32,(anonymous_0)
FN:36,(anonymous_1)
FNF:2
FNH:1
FNDA:2,(anonymous_0)
FNDA:0,(anonymous_1)
DA:4,6
DA:32,6
DA:34,2
DA:36,2
DA:37,0
DA:40,2
LF:6
LH:5
BRDA:44,0,0,2
BRDA:44,0,1,0
BRDA:45,1,0,0
BRDA:45,1,1,2
BRDA:46,2,0,0
BRDA:46,2,1,2
BRDA:50,3,0,2
BRDA:50,3,1,2
BRDA:55,4,0,2
BRDA:55,4,1,0
BRDA:56,5,0,2
BRDA:56,5,1,0
BRF:12
BRH:7
end_of_record
TN:
SF:src/components/molecules/Explore/ExploreBar/index.tsx
FN:33,ExploreBar
FN:37,(anonymous_1)
FNF:2
FNH:1
FNDA:2,ExploreBar
FNDA:0,(anonymous_1)
DA:4,5
DA:35,2
DA:37,2
DA:38,0
DA:39,0
DA:42,2
LF:6
LH:4
BRDA:45,0,0,2
BRDA:45,0,1,0
BRDA:46,1,0,0
BRDA:46,1,1,2
BRDA:47,2,0,0
BRDA:47,2,1,2
BRF:6
BRH:3
end_of_record
TN:
SF:src/components/molecules/Explore/ExploreButton/index.tsx
FN:25,(anonymous_0)
FN:31,(anonymous_1)
FNF:2
FNH:1
FNDA:2,(anonymous_0)
FNDA:0,(anonymous_1)
DA:7,4
DA:25,4
DA:27,2
DA:29,2
DA:31,2
DA:32,0
DA:33,0
DA:39,2
DA:41,0
DA:42,0
DA:47,2
DA:48,2
DA:51,2
LF:13
LH:9
BRDA:39,0,0,0
BRDA:39,0,1,2
BRF:2
BRH:1
end_of_record
TN:
SF:src/components/molecules/Explore/ExploreItem/index.tsx
FN:28,(anonymous_0)
FNF:1
FNH:1
FNDA:37,(anonymous_0)
DA:5,5
DA:28,5
DA:29,37
LF:3
LH:3
BRF:0
BRH:0
end_of_record
TN:
SF:src/components/molecules/Explore/ExploreList/index.tsx
FN:25,(anonymous_0)
FN:35,(anonymous_1)
FNF:2
FNH:1
FNDA:3,(anonymous_0)
FNDA:0,(anonymous_1)
DA:25,4
DA:27,3
DA:28,3
DA:30,3
DA:32,2
DA:35,0
LF:6
LH:5
BRDA:30,0,0,1
BRDA:30,0,1,2
BRF:2
BRH:2
end_of_record
TN:
SF:src/components/molecules/FooterFrame/index.tsx
FN:28,FooterFrame
FNF:1
FNH:1
FNDA:3,FooterFrame
DA:7,5
DA:29,3
LF:2
LH:2
BRF:0
BRH:0
end_of_record
TN:
SF:src/components/molecules/NavSection/index.tsx
FN:5,NavSection
FNF:1
FNH:1
FNDA:3,NavSection
DA:6,3
LF:1
LH:1
BRF:0
BRH:0
end_of_record
TN:
SF:src/components/molecules/PeopleRead/index.tsx
FN:22,PeopleRead
FNF:1
FNH:1
FNDA:21,PeopleRead
DA:6,7
DA:23,21
LF:2
LH:2
BRF:0
BRH:0
end_of_record
TN:
SF:src/components/molecules/TabPanel/index.tsx
FN:10,(anonymous_0)
FN:19,(anonymous_1)
FN:21,(anonymous_2)
FNF:3
FNH:2
FNDA:3,(anonymous_0)
FNDA:18,(anonymous_1)
FNDA:0,(anonymous_2)
DA:10,5
DA:12,3
DA:13,2
DA:15,1
DA:16,3
DA:20,18
DA:21,0
LF:7
LH:6
BRDA:12,0,0,2
BRDA:12,0,1,1
BRF:2
BRH:2
end_of_record
TN:
SF:src/components/molecules/TabsBar/index.tsx
FN:28,(anonymous_0)
FN:33,(anonymous_1)
FNF:2
FNH:1
FNDA:1,(anonymous_0)
FNDA:0,(anonymous_1)
DA:5,4
DA:28,4
DA:30,1
DA:31,1
DA:33,1
DA:34,0
DA:35,0
DA:38,1
LF:8
LH:6
BRDA:42,0,0,0
BRDA:42,0,1,1
BRDA:43,1,0,1
BRDA:43,1,1,0
BRF:4
BRH:2
end_of_record
TN:
SF:src/components/molecules/TimeRead/index.tsx
FN:25,TimeRead
FNF:1
FNH:1
FNDA:47,TimeRead
DA:6,10
DA:26,47
DA:27,47
LF:3
LH:3
BRDA:26,0,0,0
BRDA:26,1,0,0
BRF:2
BRH:0
end_of_record
TN:
SF:src/components/organisms/BookInfo/index.tsx
FN:11,(anonymous_0)
FN:16,(anonymous_1)
FN:17,(anonymous_2)
FNF:3
FNH:1
FNDA:2,(anonymous_0)
FNDA:0,(anonymous_1)
FNDA:0,(anonymous_2)
DA:11,6
DA:13,2
DA:14,2
DA:16,2
DA:17,0
DA:18,0
DA:19,0
DA:20,0
DA:21,0
DA:22,0
DA:24,2
DA:26,2
LF:12
LH:6
BRF:0
BRH:0
end_of_record
TN:
SF:src/components/organisms/ExploreMenu/index.tsx
FN:54,(anonymous_0)
FN:58,(anonymous_1)
FNF:2
FNH:1
FNDA:3,(anonymous_0)
FNDA:0,(anonymous_1)
DA:6,4
DA:54,4
DA:56,3
DA:58,3
DA:59,0
DA:62,3
DA:64,1
LF:7
LH:6
BRDA:62,0,0,2
BRDA:62,0,1,1
BRF:2
BRH:2
end_of_record
TN:
SF:src/components/organisms/Footer/index.tsx
FN:38,(anonymous_0)
FNF:1
FNH:1
FNDA:1,(anonymous_0)
DA:5,4
DA:38,4
DA:39,1
LF:3
LH:3
BRF:0
BRH:0
end_of_record
TN:
SF:src/components/organisms/Header/index.tsx
FN:20,Header
FNF:1
FNH:1
FNDA:1,Header
DA:11,4
DA:21,1
LF:2
LH:2
BRF:0
BRH:0
end_of_record
TN:
SF:src/components/organisms/SearchBar/index.tsx
FN:6,(anonymous_0)
FNF:1
FNH:1
FNDA:1,(anonymous_0)
DA:6,5
DA:7,1
LF:2
LH:2
BRF:0
BRH:0
end_of_record
TN:
SF:src/pages/BookDetailsPage/index.tsx
FN:6,(anonymous_0)
FNF:1
FNH:1
FNDA:1,(anonymous_0)
DA:6,5
DA:8,1
LF:2
LH:2
BRF:0
BRH:0
end_of_record
TN:
SF:src/pages/EntrepreneurshipPage/index.tsx
FN:21,(anonymous_0)
FNF:1
FNH:0
FNDA:0,(anonymous_0)
DA:7,4
DA:21,4
DA:22,0
LF:3
LH:2
BRF:0
BRH:0
end_of_record
TN:
SF:src/pages/LandingPage/index.tsx
FN:18,(anonymous_0)
FNF:1
FNH:1
FNDA:1,(anonymous_0)
DA:5,4
DA:18,4
DA:19,1
LF:3
LH:3
BRF:0
BRH:0
end_of_record
TN:
SF:src/themes/Theme.tsx
FNF:0
FNH:0
DA:3,4
LF:1
LH:1
BRF:0
BRH:0
end_of_record
